2021-10-11 T 14:14:56 || CONTROLADOR: Request Recibido: {"DataAreaId":"000001","Enviroment":"SIT","SessionId":"","APDationRequests":{"CustAccount":"000335","DationNumber":"Dac-000000021","InvoiceDateFrom":"2021-09-01T00:00:00Z","InvoiceDateTo":"2021-09-01T00:00:00Z","InvoiceId":"001-002-000000789","RecallDocument":"888"}}
2021-10-11 T 14:14:59 || WS HOMOLOGACION : Número de  intentos realizados : 0, Tiempo Transcurrido : 675 ms.
2021-10-11 T 14:14:59 || Convierte Código CrecosAdynamics: Longitud de código es mayor al limite 000335
2021-10-11 T 14:14:59 || CONTROLADOR: Request Enviado a Dynamics: {"DataAreaId":"0001","Enviroment":"SIT","SessionId":"8252b90d-d57c-4fc6-8cb8-6e55df5932b2","APDationRequests":{"CustAccount":"000335","DationNumber":"Dac-000000021","InvoiceDateFrom":"2021-09-01T00:00:00Z","InvoiceDateTo":"2021-09-01T00:00:00Z","InvoiceId":"001-002-000000789","RecallDocument":"888"}}
2021-10-11 T 14:15:15 || SERVICIO RESPONSE : Número de  intentos realizados : 0, Tiempo Transcurrido : 412 ms.
2021-10-11 T 14:15:15 || CONTROLADOR: Response desde Dynamics: {"SessionId":"8252b90d-d57c-4fc6-8cb8-6e55df5932b2","StatusId":false,"ErrorList":["Sin resultados"],"APDationResponse":null}
2021-10-11 T 14:20:36 || CONTROLADOR: Request Recibido: {"DataAreaId":"000001","Enviroment":"SIT","SessionId":"","APDationRequests":{"CustAccount":"000335","DationNumber":"Dac-000000021","InvoiceDateFrom":"2021-09-01T00:00:00Z","InvoiceDateTo":"2021-10-01T00:00:00Z","InvoiceId":"001-002-000000789","RecallDocument":"888"}}
2021-10-11 T 14:20:58 || WS HOMOLOGACION : Número de  intentos realizados : 1, Tiempo Transcurrido : 22383 ms.
2021-10-11 T 14:20:58 || Convierte Código CrecosAdynamics: Longitud de código es mayor al limite 000335
2021-10-11 T 14:20:58 || CONTROLADOR: Request Enviado a Dynamics: {"DataAreaId":"0001","Enviroment":"SIT","SessionId":"27a261f4-e70d-4557-b436-0bb9cdd295cc","APDationRequests":{"CustAccount":"000335","DationNumber":"Dac-000000021","InvoiceDateFrom":"2021-09-01T00:00:00Z","InvoiceDateTo":"2021-10-01T00:00:00Z","InvoiceId":"001-002-000000789","RecallDocument":"888"}}
2021-10-11 T 14:33:51 || SERVICIO RESPONSE : Número de  intentos realizados : 0, Tiempo Transcurrido : 296 ms.
2021-10-11 T 14:33:51 || CONTROLADOR: Response desde Dynamics: {"SessionId":"27a261f4-e70d-4557-b436-0bb9cdd295cc","StatusId":false,"ErrorList":["Sin resultados"],"APDationResponse":null}
2021-10-11 T 14:35:07 || CONTROLADOR: Request Recibido: {"DataAreaId":"000001","Enviroment":"SIT","SessionId":"","APDationRequests":{"CustAccount":"000335","DationNumber":"Dac-000000021","InvoiceDateFrom":"2021-01-01T00:00:00Z","InvoiceDateTo":"2021-10-01T00:00:00Z","InvoiceId":"001-002-000000789","RecallDocument":"888"}}
2021-10-11 T 14:35:07 || WS HOMOLOGACION : Número de  intentos realizados : 0, Tiempo Transcurrido : 51 ms.
2021-10-11 T 14:35:07 || Convierte Código CrecosAdynamics: Longitud de código es mayor al limite 000335
2021-10-11 T 14:35:07 || CONTROLADOR: Request Enviado a Dynamics: {"DataAreaId":"0001","Enviroment":"SIT","SessionId":"25c5453b-99a2-415f-9338-f478c0a84f7e","APDationRequests":{"CustAccount":"000335","DationNumber":"Dac-000000021","InvoiceDateFrom":"2021-01-01T00:00:00Z","InvoiceDateTo":"2021-10-01T00:00:00Z","InvoiceId":"001-002-000000789","RecallDocument":"888"}}
2021-10-11 T 14:36:15 || CONTROLADOR: Request Recibido: {"DataAreaId":"000001","Enviroment":"SIT","SessionId":"","APDationRequests":{"CustAccount":"000335","DationNumber":"Dac-000000021","InvoiceDateFrom":"2021-01-01T00:00:00Z","InvoiceDateTo":"2021-10-01T00:00:00Z","InvoiceId":"001-002-000000789","RecallDocument":"888"}}
2021-10-11 T 14:36:15 || WS HOMOLOGACION : Número de  intentos realizados : 0, Tiempo Transcurrido : 507 ms.
2021-10-11 T 14:36:15 || Convierte Código CrecosAdynamics: Código a Crecos C000000335
2021-10-11 T 14:36:15 || CONTROLADOR: Request Enviado a Dynamics: {"DataAreaId":"0001","Enviroment":"SIT","SessionId":"c3568ecb-89ec-4655-8669-9bd49b87089f","APDationRequests":{"CustAccount":"C000000335","DationNumber":"Dac-000000021","InvoiceDateFrom":"2021-01-01T00:00:00Z","InvoiceDateTo":"2021-10-01T00:00:00Z","InvoiceId":"001-002-000000789","RecallDocument":"888"}}
2021-10-11 T 14:36:34 || SERVICIO RESPONSE : Número de  intentos realizados : 0, Tiempo Transcurrido : 334 ms.
2021-10-11 T 14:36:34 || CONTROLADOR: Response desde Dynamics: {"SessionId":"c3568ecb-89ec-4655-8669-9bd49b87089f","StatusId":false,"ErrorList":["Sin resultados"],"APDationResponse":null}
2021-10-11 T 14:40:04 || CONTROLADOR: Request Recibido: {"DataAreaId":"000001","Enviroment":"SIT","SessionId":"","APDationRequests":{"CustAccount":"000335","DationNumber":"Dac-000000021","InvoiceDateFrom":"2021-10-06T00:00:00Z","InvoiceDateTo":"2021-10-06T00:00:00Z","InvoiceId":"001-002-000000789","RecallDocument":"888"}}
2021-10-11 T 14:40:04 || WS HOMOLOGACION : Número de  intentos realizados : 0, Tiempo Transcurrido : 37 ms.
2021-10-11 T 14:40:04 || Convierte Código CrecosAdynamics: Código a Crecos C000000335
2021-10-11 T 14:40:04 || CONTROLADOR: Request Enviado a Dynamics: {"DataAreaId":"0001","Enviroment":"SIT","SessionId":"35f1eecd-a39f-417f-9466-55f4bd6ebd45","APDationRequests":{"CustAccount":"C000000335","DationNumber":"Dac-000000021","InvoiceDateFrom":"2021-10-06T00:00:00Z","InvoiceDateTo":"2021-10-06T00:00:00Z","InvoiceId":"001-002-000000789","RecallDocument":"888"}}
2021-10-11 T 14:40:17 || SERVICIO RESPONSE : Número de  intentos realizados : 0, Tiempo Transcurrido : 344 ms.
2021-10-11 T 14:40:17 || CONTROLADOR: Response desde Dynamics: {"SessionId":"35f1eecd-a39f-417f-9466-55f4bd6ebd45","StatusId":true,"ErrorList":[],"APDationResponse":[{"ItemId":null,"Series":null,"ItemName":null,"Brand":null,"Line":null,"Group":null,"Subgroup":null,"Capacity":null,"NumberOT":null,"QualifiedItem":null,"Quantity":0.0,"UnitPrice":0.0}]}
