2021-09-10 T 18:09:11 || Procesando Función
2021-09-10 T 18:09:11 || Procesando Función
2021-09-10 T 18:09:12 || Procesando Función
2021-09-10 T 18:09:12 || Procesando Función
2021-09-10 T 18:09:12 || Procesando Función
2021-09-10 T 18:09:13 || REQUEST RECIBIDO: {"DataAreaId":"0001","Enviroment":"SIT","SessionId":"{AA9CCC29-E480-40A3-9829-5C1EA00BB432}","APPaymentVendorContractList":[{"Period":"","APCodeIndependentVend":"88815","RUC":"1001784824001","InvoiceNumber":"001-001-000000050","PaymMode":"TF.LOC.GUA","FixedValue":"P","PaymentDate":"2021-08-31T00:00:00Z"},{"Period":"","APCodeIndependentVend":"88815","RUC":"1001784824001","InvoiceNumber":"001-001-000000051","PaymMode":"TF.LOC.GUA","FixedValue":"P","PaymentDate":"2021-08-31T00:00:00Z"}]}
2021-09-10 T 18:09:13 || REQUEST RECIBIDO: {"DataAreaId":"000001","Enviroment":"SIT","SessionId":"9bb60fd5-fe56-470c-9464-9d5e0570e901","APPaymentVendorContractList":[{"Period":"515","APCodeIndependentVend":"515","RUC":"515","InvoiceNumber":"515","PaymMode":"515","FixedValue":"515","PaymentDate":"0001-01-01T00:00:00"}]}
2021-09-10 T 18:09:13 || REQUEST RECIBIDO: {"DataAreaId":"000001","Enviroment":"SIT","SessionId":"015cdbbf-13c6-44cb-9ac7-c6da92cfee49","APPaymentVendorContractList":[{"Period":"515","APCodeIndependentVend":"515","RUC":"515","InvoiceNumber":"515","PaymMode":"515","FixedValue":"515","PaymentDate":"0001-01-01T00:00:00"}]}
2021-09-10 T 18:09:13 || REQUEST RECIBIDO: {"DataAreaId":"0001","Enviroment":"SIT","SessionId":"{1EA384AE-4619-47E5-B1B1-469A4141FD07}","APPaymentVendorContractList":[{"Period":"3008","APCodeIndependentVend":"88815","RUC":"1001784824001","InvoiceNumber":"001-001-000000060","PaymMode":"TF.LOC.GUA","FixedValue":"P","PaymentDate":"2021-08-31T00:00:00Z"}]}
2021-09-10 T 18:09:14 || REQUEST RECIBIDO: {"DataAreaId":"0001","Enviroment":"SIT","SessionId":"{75C9D254-4913-45FB-AF6D-145D5BCDE8A4}","APPaymentVendorContractList":[{"Period":"3008","APCodeIndependentVend":"88815","RUC":"1001784824001","InvoiceNumber":"001-001-000000060","PaymMode":"TF.LOC.GUA","FixedValue":"P","PaymentDate":"2021-08-31T00:00:00Z"}]}
2021-09-10 T 18:09:27 || WS FUNCION: Número de  intentos realizados : 10, Tiempo Transcurrido : 13543 ms.
2021-09-10 T 18:09:27 || RESULTADO RECIBIDO WS: {"StatusCode":0,"Response":null,"DescripcionId":null,"ErrorList":null}
2021-09-10 T 18:09:28 || WS FUNCION: Número de  intentos realizados : 10, Tiempo Transcurrido : 13668 ms.
2021-09-10 T 18:09:28 || RESULTADO RECIBIDO WS: {"StatusCode":0,"Response":null,"DescripcionId":null,"ErrorList":null}
2021-09-10 T 18:09:28 || WS FUNCION: Número de  intentos realizados : 10, Tiempo Transcurrido : 14183 ms.
2021-09-10 T 18:09:28 || RESULTADO RECIBIDO WS: {"StatusCode":0,"Response":null,"DescripcionId":null,"ErrorList":null}
2021-09-10 T 18:09:28 || WS FUNCION: Número de  intentos realizados : 10, Tiempo Transcurrido : 14191 ms.
2021-09-10 T 18:09:28 || RESULTADO RECIBIDO WS: {"StatusCode":0,"Response":null,"DescripcionId":null,"ErrorList":null}
2021-09-10 T 18:09:28 || WS FUNCION: Número de  intentos realizados : 10, Tiempo Transcurrido : 14254 ms.
2021-09-10 T 18:09:28 || RESULTADO RECIBIDO WS: {"StatusCode":0,"Response":null,"DescripcionId":null,"ErrorList":null}
2021-09-10 T 18:10:06 || Procesando Función
2021-09-10 T 18:10:06 || REQUEST RECIBIDO: {"DataAreaId":"000001","Enviroment":"SIT","SessionId":"43bf74fe-1062-4581-af91-4f2d3b389124","APPaymentVendorContractList":[{"Period":"515","APCodeIndependentVend":"515","RUC":"515","InvoiceNumber":"515","PaymMode":"515","FixedValue":"515","PaymentDate":"0001-01-01T00:00:00"}]}
2021-09-10 T 18:10:17 || WS FUNCION: Número de  intentos realizados : 10, Tiempo Transcurrido : 11320 ms.
2021-09-10 T 18:10:17 || RESULTADO RECIBIDO WS: {"StatusCode":0,"Response":null,"DescripcionId":null,"ErrorList":null}
