2021-09-13 T 17:29:43 || Procesando Función
2021-09-13 T 17:29:43 || REQUEST RECIBIDO: {"DataAreaId":"000001","Enviroment":"SIT","SessionId":"0cb826e7-e1e7-47c5-8c2f-49dd84ea79cc","appaymentvendorcontractlist":[{"period":"2022","apcodeindependentvend":"1500","ruc":"0920154648001","invoicenumber":"001-001-12344556","paymmode":"EFE","fixedvalue":"P","paymentdate":"24/08/2021"},{"period":"2022","apcodeindependentvend":"1500","ruc":"0920154648001","invoicenumber":"001-001-12344578","paymmode":"EFE","fixedvalue":"P","paymentdate":"24/08/2021"}]}
2021-09-13 T 17:30:09 || WS FUNCION: Número de  intentos realizados : 0, Tiempo Transcurrido : 18588 ms.
2021-09-13 T 17:30:09 || Procesando Función
2021-09-13 T 17:30:18 || RESULTADO RECIBIDO WS: {"error":"Cod. NetZen:1500 - Fact: 001-001-12344556 :: Mensaje.-El codigo del agente no existe.\nCod. NetZen:1500 - Fact: 001-001-12344578 :: Mensaje.-El codigo del agente no existe.\n","mensaje":"OK"}
2021-09-13 T 17:30:21 || REQUEST RECIBIDO: {"DataAreaId":"000001","Enviroment":"SIT","SessionId":"0cb826e7-e1e7-47c5-8c2f-49dd84ea79cc","appaymentvendorcontractlist":[{"period":"2022","apcodeindependentvend":"1500","ruc":"0920154648001","invoicenumber":"001-001-12344556","paymmode":"EFE","fixedvalue":"P","paymentdate":"24/08/2021"},{"period":"2022","apcodeindependentvend":"1500","ruc":"0920154648001","invoicenumber":"001-001-12344578","paymmode":"EFE","fixedvalue":"P","paymentdate":"24/08/2021"}]}
2021-09-13 T 17:30:24 || WS FUNCION: Número de  intentos realizados : 0, Tiempo Transcurrido : 1501 ms.
2021-09-13 T 17:30:24 || RESULTADO RECIBIDO WS: {"error":"Cod. NetZen:1500 - Fact: 001-001-12344556 :: Mensaje.-El codigo del agente no existe.\nCod. NetZen:1500 - Fact: 001-001-12344578 :: Mensaje.-El codigo del agente no existe.\n","mensaje":"OK"}
2021-09-13 T 17:37:29 || Procesando Función
2021-09-13 T 17:37:29 || REQUEST RECIBIDO: {"DataAreaId":"000001","Enviroment":"SIT","SessionId":"8dde3313-64fc-4626-a1b3-79b895218f9e","appaymentvendorcontractlist":[{"period":"2022","apcodeindependentvend":"1500","ruc":"0920154648001","invoicenumber":"001-001-12344556","paymmode":"EFE","fixedvalue":"P","paymentdate":"24/08/2021"},{"period":"2022","apcodeindependentvend":"1500","ruc":"0920154648001","invoicenumber":"001-001-12344578","paymmode":"EFE","fixedvalue":"P","paymentdate":"24/08/2021"}]}
2021-09-13 T 17:37:40 || WS FUNCION: Número de  intentos realizados : 0, Tiempo Transcurrido : 8081 ms.
2021-09-13 T 17:37:44 || RESULTADO RECIBIDO WS: {"error":"Cod. NetZen:1500 - Fact: 001-001-12344556 :: Mensaje.-El codigo del agente no existe.\nCod. NetZen:1500 - Fact: 001-001-12344578 :: Mensaje.-El codigo del agente no existe.\n","mensaje":"OK"}
2021-09-13 T 17:37:44 || Procesando Función
2021-09-13 T 17:37:44 || REQUEST RECIBIDO: {"DataAreaId":"000001","Enviroment":"SIT","SessionId":"ba3d35ea-dbc4-403c-a500-71865e588ee0","appaymentvendorcontractlist":[{"period":"2022","apcodeindependentvend":"1500","ruc":"0920154648001","invoicenumber":"001-001-12344556","paymmode":"EFE","fixedvalue":"P","paymentdate":"24/08/2021"},{"period":"2022","apcodeindependentvend":"1500","ruc":"0920154648001","invoicenumber":"001-001-12344578","paymmode":"EFE","fixedvalue":"P","paymentdate":"24/08/2021"}]}
2021-09-13 T 17:37:57 || WS FUNCION: Número de  intentos realizados : 0, Tiempo Transcurrido : 10651 ms.
2021-09-13 T 17:37:57 || RESULTADO RECIBIDO WS: {"error":"Cod. NetZen:1500 - Fact: 001-001-12344556 :: Mensaje.-El codigo del agente no existe.\nCod. NetZen:1500 - Fact: 001-001-12344578 :: Mensaje.-El codigo del agente no existe.\n","mensaje":"OK"}
2021-09-13 T 17:38:31 || Procesando Función
2021-09-13 T 17:38:31 || REQUEST RECIBIDO: {"DataAreaId":"000001","Enviroment":"SIT","SessionId":"accc53b3-0bb7-4201-990d-e24fbf72e6cb","appaymentvendorcontractlist":[{"period":"2022","apcodeindependentvend":"1500","ruc":"0920154648001","invoicenumber":"001-001-12344556","paymmode":"EFE","fixedvalue":"P","paymentdate":"24/08/2021"},{"period":"2022","apcodeindependentvend":"1500","ruc":"0920154648001","invoicenumber":"001-001-12344578","paymmode":"EFE","fixedvalue":"P","paymentdate":"24/08/2021"}]}
2021-09-13 T 17:39:05 || WS FUNCION: Número de  intentos realizados : 0, Tiempo Transcurrido : 33335 ms.
2021-09-13 T 17:39:05 || RESULTADO RECIBIDO WS: {"error":"HikariPool-1 - Connection is not available, request timed out after 30009ms.","mensaje":"NOK"}
