2021-09-22 T 20:44:17 || CONTROLADOR: Request Recibido: {"DataAreaId":"000001","Enviroment":"SIT","SessionId":null,"ItemIdList":["003500","30000357"],"GetRelationProductList":true,"GetAttributeList":true}
2021-09-22 T 20:44:17 || WS HOMOLOGACION : Número de  intentos realizados : 0, Tiempo Transcurrido : 101 ms.
2021-09-22 T 20:44:17 || CONTROLADOR: Request Enviado a Dynamics: {"DataAreaId":"0001","Enviroment":"SIT","SessionId":"d6d7a196-1cb8-4f24-9c98-12de8dafc833","ItemIdList":["003500","30000357"],"GetRelationProductList":true,"GetAttributeList":true}
2021-09-22 T 20:44:32 || CONTROLADOR: ERROR: Newtonsoft.Json.JsonReaderException: Input string '10.0' is not a valid integer. Path 'APInventTableList[0].HighDimension', line 1, position 403.
   at Newtonsoft.Json.JsonTextReader.ParseReadNumber(ReadType readType, Char firstChar, Int32 initialPosition)
   at Newtonsoft.Json.JsonTextReader.ParseNumber(ReadType readType)
   at Newtonsoft.Json.JsonTextReader.ReadNumberValue(ReadType readType)
   at Newtonsoft.Json.JsonTextReader.ReadAsInt32()
   at Newtonsoft.Json.JsonReader.ReadForType(JsonContract contract, Boolean hasConverter)
   at Newtonsoft.Json.Serialization.JsonSerializerInternalReader.PopulateObject(Object newObject, JsonReader reader, JsonObjectContract contract, JsonProperty member, String id)
   at Newtonsoft.Json.Serialization.JsonSerializerInternalReader.CreateObject(JsonReader reader, Type objectType, JsonContract contract, JsonProperty member, JsonContainerContract containerContract, JsonProperty containerMember, Object existingValue)
   at Newtonsoft.Json.Serialization.JsonSerializerInternalReader.CreateValueInternal(JsonReader reader, Type objectType, JsonContract contract, JsonProperty member, JsonContainerContract containerContract, JsonProperty containerMember, Object existingValue)
   at Newtonsoft.Json.Serialization.JsonSerializerInternalReader.PopulateList(IList list, JsonReader reader, JsonArrayContract contract, JsonProperty containerProperty, String id)
   at Newtonsoft.Json.Serialization.JsonSerializerInternalReader.CreateList(JsonReader reader, Type objectType, JsonContract contract, JsonProperty member, Object existingValue, String id)
   at Newtonsoft.Json.Serialization.JsonSerializerInternalReader.CreateValueInternal(JsonReader reader, Type objectType, JsonContract contract, JsonProperty member, JsonContainerContract containerContract, JsonProperty containerMember, Object existingValue)
   at Newtonsoft.Json.Serialization.JsonSerializerInternalReader.SetPropertyValue(JsonProperty property, JsonConverter propertyConverter, JsonContainerContract containerContract, JsonProperty containerProperty, JsonReader reader, Object target)
   at Newtonsoft.Json.Serialization.JsonSerializerInternalReader.PopulateObject(Object newObject, JsonReader reader, JsonObjectContract contract, JsonProperty member, String id)
   at Newtonsoft.Json.Serialization.JsonSerializerInternalReader.CreateObject(JsonReader reader, Type objectType, JsonContract contract, JsonProperty member, JsonContainerContract containerContract, JsonProperty containerMember, Object existingValue)
   at Newtonsoft.Json.Serialization.JsonSerializerInternalReader.CreateValueInternal(JsonReader reader, Type objectType, JsonContract contract, JsonProperty member, JsonContainerContract containerContract, JsonProperty containerMember, Object existingValue)
   at Newtonsoft.Json.Serialization.JsonSerializerInternalReader.Deserialize(JsonReader reader, Type objectType, Boolean checkAdditionalContent)
   at Newtonsoft.Json.JsonSerializer.DeserializeInternal(JsonReader reader, Type objectType)
   at Newtonsoft.Json.JsonSerializer.Deserialize(JsonReader reader, Type objectType)
   at Newtonsoft.Json.JsonConvert.DeserializeObject(String value, Type type, JsonSerializerSettings settings)
   at Newtonsoft.Json.JsonConvert.DeserializeObject[T](String value, JsonSerializerSettings settings)
   at Newtonsoft.Json.JsonConvert.DeserializeObject[T](String value)
   at IPRO012.api.Infraestructure.Services.ManejadorResponse`1.RecibeMensajeSesion(String cadenaConexion, String nombreCola, String sesionId, Int32 segundos, Int32 intentos, Int32 tiempo, String nombre) in C:\Users\henry\Desktop\INFORMACION_PWC\CODIGO\INTERFACES\PENDIENTES X DOCUMENTO ACT\IPRO012.api\IPRO012.api\Infraestructure\Services\ManejadorResponse.cs:line 49
   at IPRO012.api.Controllers.IPRO012002Controller.APIPRO012002(APIPRO012002MessageRequest parametrorequest) in C:\Users\henry\Desktop\INFORMACION_PWC\CODIGO\INTERFACES\PENDIENTES X DOCUMENTO ACT\IPRO012.api\IPRO012.api\Controllers\IPRO012002Controller.cs:line 102
2021-09-22 T 20:45:50 || CONTROLADOR: Request Recibido: {"DataAreaId":"000001","Enviroment":"SIT","SessionId":null,"ItemIdList":["003500","30000357"],"GetRelationProductList":true,"GetAttributeList":true}
2021-09-22 T 20:45:51 || WS HOMOLOGACION : Número de  intentos realizados : 0, Tiempo Transcurrido : 896 ms.
2021-09-22 T 20:45:51 || CONTROLADOR: Request Enviado a Dynamics: {"DataAreaId":"0001","Enviroment":"SIT","SessionId":"81d0f11a-6420-4c42-8057-9b50c95e82f7","ItemIdList":["003500","30000357"],"GetRelationProductList":true,"GetAttributeList":true}
2021-09-22 T 20:46:08 || CONTROLADOR: ERROR: Newtonsoft.Json.JsonReaderException: Input string '10.0' is not a valid integer. Path 'APInventTableList[0].WidthDimension', line 1, position 425.
   at Newtonsoft.Json.JsonTextReader.ParseReadNumber(ReadType readType, Char firstChar, Int32 initialPosition)
   at Newtonsoft.Json.JsonTextReader.ParseNumber(ReadType readType)
   at Newtonsoft.Json.JsonTextReader.ReadNumberValue(ReadType readType)
   at Newtonsoft.Json.JsonTextReader.ReadAsInt32()
   at Newtonsoft.Json.JsonReader.ReadForType(JsonContract contract, Boolean hasConverter)
   at Newtonsoft.Json.Serialization.JsonSerializerInternalReader.PopulateObject(Object newObject, JsonReader reader, JsonObjectContract contract, JsonProperty member, String id)
   at Newtonsoft.Json.Serialization.JsonSerializerInternalReader.CreateObject(JsonReader reader, Type objectType, JsonContract contract, JsonProperty member, JsonContainerContract containerContract, JsonProperty containerMember, Object existingValue)
   at Newtonsoft.Json.Serialization.JsonSerializerInternalReader.CreateValueInternal(JsonReader reader, Type objectType, JsonContract contract, JsonProperty member, JsonContainerContract containerContract, JsonProperty containerMember, Object existingValue)
   at Newtonsoft.Json.Serialization.JsonSerializerInternalReader.PopulateList(IList list, JsonReader reader, JsonArrayContract contract, JsonProperty containerProperty, String id)
   at Newtonsoft.Json.Serialization.JsonSerializerInternalReader.CreateList(JsonReader reader, Type objectType, JsonContract contract, JsonProperty member, Object existingValue, String id)
   at Newtonsoft.Json.Serialization.JsonSerializerInternalReader.CreateValueInternal(JsonReader reader, Type objectType, JsonContract contract, JsonProperty member, JsonContainerContract containerContract, JsonProperty containerMember, Object existingValue)
   at Newtonsoft.Json.Serialization.JsonSerializerInternalReader.SetPropertyValue(JsonProperty property, JsonConverter propertyConverter, JsonContainerContract containerContract, JsonProperty containerProperty, JsonReader reader, Object target)
   at Newtonsoft.Json.Serialization.JsonSerializerInternalReader.PopulateObject(Object newObject, JsonReader reader, JsonObjectContract contract, JsonProperty member, String id)
   at Newtonsoft.Json.Serialization.JsonSerializerInternalReader.CreateObject(JsonReader reader, Type objectType, JsonContract contract, JsonProperty member, JsonContainerContract containerContract, JsonProperty containerMember, Object existingValue)
   at Newtonsoft.Json.Serialization.JsonSerializerInternalReader.CreateValueInternal(JsonReader reader, Type objectType, JsonContract contract, JsonProperty member, JsonContainerContract containerContract, JsonProperty containerMember, Object existingValue)
   at Newtonsoft.Json.Serialization.JsonSerializerInternalReader.Deserialize(JsonReader reader, Type objectType, Boolean checkAdditionalContent)
   at Newtonsoft.Json.JsonSerializer.DeserializeInternal(JsonReader reader, Type objectType)
   at Newtonsoft.Json.JsonSerializer.Deserialize(JsonReader reader, Type objectType)
   at Newtonsoft.Json.JsonConvert.DeserializeObject(String value, Type type, JsonSerializerSettings settings)
   at Newtonsoft.Json.JsonConvert.DeserializeObject[T](String value, JsonSerializerSettings settings)
   at Newtonsoft.Json.JsonConvert.DeserializeObject[T](String value)
   at IPRO012.api.Infraestructure.Services.ManejadorResponse`1.RecibeMensajeSesion(String cadenaConexion, String nombreCola, String sesionId, Int32 segundos, Int32 intentos, Int32 tiempo, String nombre) in C:\Users\henry\Desktop\INFORMACION_PWC\CODIGO\INTERFACES\PENDIENTES X DOCUMENTO ACT\IPRO012.api\IPRO012.api\Infraestructure\Services\ManejadorResponse.cs:line 49
   at IPRO012.api.Controllers.IPRO012002Controller.APIPRO012002(APIPRO012002MessageRequest parametrorequest) in C:\Users\henry\Desktop\INFORMACION_PWC\CODIGO\INTERFACES\PENDIENTES X DOCUMENTO ACT\IPRO012.api\IPRO012.api\Controllers\IPRO012002Controller.cs:line 102
2021-09-22 T 20:47:19 || CONTROLADOR: Request Recibido: {"DataAreaId":"000001","Enviroment":"SIT","SessionId":null,"ItemIdList":["003500","30000357"],"GetRelationProductList":true,"GetAttributeList":true}
2021-09-22 T 20:47:20 || WS HOMOLOGACION : Número de  intentos realizados : 0, Tiempo Transcurrido : 828 ms.
2021-09-22 T 20:47:20 || CONTROLADOR: Request Enviado a Dynamics: {"DataAreaId":"0001","Enviroment":"SIT","SessionId":"4641b209-d724-477b-9012-c4e293a9f3b0","ItemIdList":["003500","30000357"],"GetRelationProductList":true,"GetAttributeList":true}
2021-09-22 T 20:47:32 || CONTROLADOR: ERROR: Newtonsoft.Json.JsonReaderException: Input string '20.0' is not a valid integer. Path 'APInventTableList[0].DepthDimension', line 1, position 447.
   at Newtonsoft.Json.JsonTextReader.ParseReadNumber(ReadType readType, Char firstChar, Int32 initialPosition)
   at Newtonsoft.Json.JsonTextReader.ParseNumber(ReadType readType)
   at Newtonsoft.Json.JsonTextReader.ReadNumberValue(ReadType readType)
   at Newtonsoft.Json.JsonTextReader.ReadAsInt32()
   at Newtonsoft.Json.JsonReader.ReadForType(JsonContract contract, Boolean hasConverter)
   at Newtonsoft.Json.Serialization.JsonSerializerInternalReader.PopulateObject(Object newObject, JsonReader reader, JsonObjectContract contract, JsonProperty member, String id)
   at Newtonsoft.Json.Serialization.JsonSerializerInternalReader.CreateObject(JsonReader reader, Type objectType, JsonContract contract, JsonProperty member, JsonContainerContract containerContract, JsonProperty containerMember, Object existingValue)
   at Newtonsoft.Json.Serialization.JsonSerializerInternalReader.CreateValueInternal(JsonReader reader, Type objectType, JsonContract contract, JsonProperty member, JsonContainerContract containerContract, JsonProperty containerMember, Object existingValue)
   at Newtonsoft.Json.Serialization.JsonSerializerInternalReader.PopulateList(IList list, JsonReader reader, JsonArrayContract contract, JsonProperty containerProperty, String id)
   at Newtonsoft.Json.Serialization.JsonSerializerInternalReader.CreateList(JsonReader reader, Type objectType, JsonContract contract, JsonProperty member, Object existingValue, String id)
   at Newtonsoft.Json.Serialization.JsonSerializerInternalReader.CreateValueInternal(JsonReader reader, Type objectType, JsonContract contract, JsonProperty member, JsonContainerContract containerContract, JsonProperty containerMember, Object existingValue)
   at Newtonsoft.Json.Serialization.JsonSerializerInternalReader.SetPropertyValue(JsonProperty property, JsonConverter propertyConverter, JsonContainerContract containerContract, JsonProperty containerProperty, JsonReader reader, Object target)
   at Newtonsoft.Json.Serialization.JsonSerializerInternalReader.PopulateObject(Object newObject, JsonReader reader, JsonObjectContract contract, JsonProperty member, String id)
   at Newtonsoft.Json.Serialization.JsonSerializerInternalReader.CreateObject(JsonReader reader, Type objectType, JsonContract contract, JsonProperty member, JsonContainerContract containerContract, JsonProperty containerMember, Object existingValue)
   at Newtonsoft.Json.Serialization.JsonSerializerInternalReader.CreateValueInternal(JsonReader reader, Type objectType, JsonContract contract, JsonProperty member, JsonContainerContract containerContract, JsonProperty containerMember, Object existingValue)
   at Newtonsoft.Json.Serialization.JsonSerializerInternalReader.Deserialize(JsonReader reader, Type objectType, Boolean checkAdditionalContent)
   at Newtonsoft.Json.JsonSerializer.DeserializeInternal(JsonReader reader, Type objectType)
   at Newtonsoft.Json.JsonSerializer.Deserialize(JsonReader reader, Type objectType)
   at Newtonsoft.Json.JsonConvert.DeserializeObject(String value, Type type, JsonSerializerSettings settings)
   at Newtonsoft.Json.JsonConvert.DeserializeObject[T](String value, JsonSerializerSettings settings)
   at Newtonsoft.Json.JsonConvert.DeserializeObject[T](String value)
   at IPRO012.api.Infraestructure.Services.ManejadorResponse`1.RecibeMensajeSesion(String cadenaConexion, String nombreCola, String sesionId, Int32 segundos, Int32 intentos, Int32 tiempo, String nombre) in C:\Users\henry\Desktop\INFORMACION_PWC\CODIGO\INTERFACES\PENDIENTES X DOCUMENTO ACT\IPRO012.api\IPRO012.api\Infraestructure\Services\ManejadorResponse.cs:line 49
   at IPRO012.api.Controllers.IPRO012002Controller.APIPRO012002(APIPRO012002MessageRequest parametrorequest) in C:\Users\henry\Desktop\INFORMACION_PWC\CODIGO\INTERFACES\PENDIENTES X DOCUMENTO ACT\IPRO012.api\IPRO012.api\Controllers\IPRO012002Controller.cs:line 102
2021-09-22 T 20:49:34 || CONTROLADOR: Request Recibido: {"DataAreaId":"000001","Enviroment":"SIT","SessionId":null,"ItemIdList":["003500","30000357"],"GetRelationProductList":true,"GetAttributeList":true}
2021-09-22 T 20:49:35 || WS HOMOLOGACION : Número de  intentos realizados : 0, Tiempo Transcurrido : 538 ms.
2021-09-22 T 20:49:35 || CONTROLADOR: Request Enviado a Dynamics: {"DataAreaId":"0001","Enviroment":"SIT","SessionId":"48f78c4f-eebc-4085-bed9-2a9baebeba96","ItemIdList":["003500","30000357"],"GetRelationProductList":true,"GetAttributeList":true}
2021-09-22 T 20:49:52 || SERVICIO RESPONSE : Número de  intentos realizados : 1, Tiempo Transcurrido : 726 ms.
2021-09-22 T 20:49:52 || CONTROLADOR: Response desde Dynamics: {"SessionId":"48f78c4f-eebc-4085-bed9-2a9baebeba96","StatusId":false,"TimeStartEnd":null,"ErrorList":null,"APInventTableList":[{"APCodeCapacity":"NOTEBOOK","APCodeGroup":"COMPUTADOR","APCodeLines":"COMPUTACIO","APCodeSubGroup":"INTEL","ApplyHomeDelivery":false,"ApplySerie":true,"AttributeItemList":[{"Code":"Origen","RecId":5637144576,"Value":"Local"},{"Code":"Pais de fabricación","RecId":5637144577,"Value":"Ecuador"},{"Code":"Grupo de Impuesto","RecId":5637144578,"Value":"Inventario IVA"},{"Code":"Cilindraje","RecId":5637145326,"Value":"Seleccionar"},{"Code":"Combustible","RecId":5637145327,"Value":"Seleccionar"},{"Code":"Carrocería","RecId":5637145328,"Value":"Seleccionar"},{"Code":"Pasajeros","RecId":5637145329,"Value":"Seleccionar"},{"Code":"Tonelaje","RecId":5637145330,"Value":"Seleccionar"},{"Code":"Color Principal","RecId":5637145331,"Value":"Seleccionar"},{"Code":"Subcategoría","RecId":5637145333,"Value":""},{"Code":"Año Fabricación","RecId":5637145334,"Value":"Seleccionar"},{"Code":"Tipo de producto","RecId":5637146076,"Value":"Celular"},{"Code":"PRUEBA","RecId":5637146077,"Value":"VALOR1"},{"Code":"MarketPlace","RecId":5637147576,"Value":"Sí"},{"Code":"Moto","RecId":5637147577,"Value":"No"},{"Code":"Producto para la venta","RecId":5637148326,"Value":"Sí"},{"Code":"Parte de motos","RecId":5637148327,"Value":"No"},{"Code":"KIT","RecId":5637148328,"Value":"No"},{"Code":"Modelo","RecId":5637148329,"Value":"Modelo 1"},{"Code":"IKD","RecId":5637148330,"Value":"No"},{"Code":"Asistencia facilita","RecId":5637149076,"Value":"No"},{"Code":"Credito","RecId":5637149077,"Value":"No"},{"Code":"Tipo de Parte","RecId":5637149826,"Value":"Local"},{"Code":"Liberado a UN Crédito","RecId":5637151326,"Value":"No"},{"Code":"Liberado a UN Garantía","RecId":5637151327,"Value":"No"},{"Code":"Liberado a UN Dismayor","RecId":5637151328,"Value":"No"},{"Code":"EJES","RecId":5637152076,"Value":"2"},{"Code":"RUEDAS","RecId":5637152077,"Value":"2"},{"Code":"Garantia extendida","RecId":5637154326,"Value":"Sí"},{"Code":"Marca","RecId":5637155076,"Value":"SONY"}],"CoverageGroup":"Periodo15","DepthDimension":20.0,"EcoResProductDimensionGroupName":"","HighDimension":10.0,"IsActiveForPlanning":true,"IsConsignment":false,"ItemID":"003500","ItemName":"All in one 18.5\"1tb/4gb/utc wifi celeron n28707/2.16ghz","LifeCycleStateId":"Normal","MarginDiscountHigh":0.0,"MarginDiscountLow":0.0,"PackingGroupId":"SONY","RelationItemsList":[{"ItemId":"003784","RelationType":"SUSTITUTO"},{"ItemId":"003784","RelationType":"CALIFICADO"},{"ItemId":"AF-001","RelationType":"G. EXTENDIDA"}],"TaxIVA":false,"VolumeDimension":2000.0,"WeightDimension":10.0,"WidthDimension":10.0},{"APCodeCapacity":"HORIZONTAL","APCodeGroup":"CONGELADOR","APCodeLines":"BLANCA","APCodeSubGroup":"5 - 11 pie","ApplyHomeDelivery":false,"ApplySerie":true,"AttributeItemList":[{"Code":"Origen","RecId":5637144576,"Value":"Local"},{"Code":"Pais de fabricación","RecId":5637144577,"Value":"Ecuador"},{"Code":"Grupo de Impuesto","RecId":5637144578,"Value":"Inventario IVA"},{"Code":"Cilindraje","RecId":5637145326,"Value":"Seleccionar"},{"Code":"Combustible","RecId":5637145327,"Value":"Seleccionar"},{"Code":"Carrocería","RecId":5637145328,"Value":"Seleccionar"},{"Code":"Pasajeros","RecId":5637145329,"Value":"Seleccionar"},{"Code":"Tonelaje","RecId":5637145330,"Value":"Seleccionar"},{"Code":"Color Principal","RecId":5637145331,"Value":"Seleccionar"},{"Code":"Subcategoría","RecId":5637145333,"Value":""},{"Code":"Año Fabricación","RecId":5637145334,"Value":"Seleccionar"},{"Code":"Tipo de producto","RecId":5637146076,"Value":"Celular"},{"Code":"PRUEBA","RecId":5637146077,"Value":"VALOR1"},{"Code":"Moto","RecId":5637147577,"Value":"No"},{"Code":"Producto para la venta","RecId":5637148326,"Value":"No"},{"Code":"Parte de motos","RecId":5637148327,"Value":"No"},{"Code":"KIT","RecId":5637148328,"Value":"No"},{"Code":"Modelo","RecId":5637148329,"Value":"Modelo 1"},{"Code":"IKD","RecId":5637148330,"Value":"No"},{"Code":"Asistencia facilita","RecId":5637149076,"Value":"No"},{"Code":"Credito","RecId":5637149077,"Value":"No"},{"Code":"Tipo de Parte","RecId":5637149826,"Value":"Local"},{"Code":"Liberado a UN Crédito","RecId":5637151326,"Value":"No"},{"Code":"Liberado a UN Garantía","RecId":5637151327,"Value":"No"},{"Code":"Liberado a UN Dismayor","RecId":5637151328,"Value":"No"},{"Code":"EJES","RecId":5637152076,"Value":"2"},{"Code":"RUEDAS","RecId":5637152077,"Value":"2"}],"CoverageGroup":"Periodo5","DepthDimension":0.0,"EcoResProductDimensionGroupName":"ESTILO","HighDimension":0.0,"IsActiveForPlanning":true,"IsConsignment":false,"ItemID":"30000357","ItemName":"Ci2002 congelador horizontal 8' 214lt","LifeCycleStateId":"Normal","MarginDiscountHigh":0.0,"MarginDiscountLow":0.0,"PackingGroupId":"INDURAMA","RelationItemsList":[],"TaxIVA":false,"VolumeDimension":0.0,"WeightDimension":0.0,"WidthDimension":0.0}]}
