2021-08-31 T 12:47:04 || CONTROLADOR: Request Recibido: {"DataAreaId":"000001","Enviroment":"TEST","SessionId":null,"VATNum":"0904698206"}
2021-08-31 T 12:47:05 || WS HOMOLOGACION : Número de  intentos realizados : 0, Tiempo Transcurrido : 769 ms.
2021-08-31 T 12:47:05 || CONTROLADOR: Request Enviado a Dynamics: {"DataAreaId":"0001","Enviroment":"TEST","SessionId":"1dde966c-dc5e-4e79-812b-6a961cf59801","VATNum":"0904698206"}
2021-08-31 T 12:47:23 || SERVICIO RESPONSE : Número de  intentos realizados : 0, Tiempo Transcurrido : 5048 ms.
2021-08-31 T 12:47:26 || CONTROLADOR: Response desde Dynamics: {"SessionId":"1dde966c-dc5e-4e79-812b-6a961cf59801","APCustTableList":[{"APCustType":"1","VATNum":"0904698206","Name":"MARIA FILOMENA PEÑAFIEL","Date":"1900-01-01T12:00:00","MobileNumber":"","PhoneNumber":"042843975","Email":"","State":"09","City":"01","Address":"FRANCISCO SEGURA 6505 Y LA 23 AVA "}],"StatusId":true,"TimeStartEnd":null,"ErrorList":[]}
2021-08-31 T 12:52:43 || CONTROLADOR: Request Recibido: {"DataAreaId":"000001","Enviroment":"TEST","SessionId":null,"VATNum":"0904698206"}
2021-08-31 T 12:52:43 || WS HOMOLOGACION : Número de  intentos realizados : 0, Tiempo Transcurrido : 195 ms.
2021-08-31 T 12:52:43 || CONTROLADOR: Request Enviado a Dynamics: {"DataAreaId":"0001","Enviroment":"TEST","SessionId":"30b764e1-f83f-4d36-b41c-f0da62b9293c","VATNum":"0904698206"}
2021-08-31 T 12:53:07 || CONTROLADOR: ERROR: Azure.Messaging.ServiceBus.ServiceBusException: No se puede establecer una conexión ya que el equipo de destino denegó expresamente dicha conexión. ErrorCode: ConnectionRefused (ServiceCommunicationProblem)
 ---> System.Net.Sockets.SocketException (10061): No se puede establecer una conexión ya que el equipo de destino denegó expresamente dicha conexión.
   at Azure.Messaging.ServiceBus.Amqp.AmqpConnectionScope.CreateAndOpenConnectionAsync(Version amqpVersion, Uri serviceEndpoint, ServiceBusTransportType transportType, IWebProxy proxy, String scopeIdentifier, TimeSpan timeout)
   at Microsoft.Azure.Amqp.FaultTolerantAmqpObject`1.OnCreateAsync(TimeSpan timeout)
   at Microsoft.Azure.Amqp.Singleton`1.GetOrCreateAsync(TimeSpan timeout)
   at Microsoft.Azure.Amqp.Singleton`1.GetOrCreateAsync(TimeSpan timeout)
   at Azure.Messaging.ServiceBus.Amqp.AmqpConnectionScope.OpenSenderLinkAsync(String entityPath, String identifier, TimeSpan timeout, CancellationToken cancellationToken)
   at Azure.Messaging.ServiceBus.Amqp.AmqpSender.CreateLinkAndEnsureSenderStateAsync(TimeSpan timeout, CancellationToken cancellationToken)
   at Microsoft.Azure.Amqp.FaultTolerantAmqpObject`1.OnCreateAsync(TimeSpan timeout)
   at Microsoft.Azure.Amqp.Singleton`1.GetOrCreateAsync(TimeSpan timeout)
   at Microsoft.Azure.Amqp.Singleton`1.GetOrCreateAsync(TimeSpan timeout)
   at Azure.Messaging.ServiceBus.Amqp.AmqpSender.SendBatchInternalAsync(Func`1 messageFactory, TimeSpan timeout, CancellationToken cancellationToken)
   --- End of inner exception stack trace ---
   at Azure.Messaging.ServiceBus.Amqp.AmqpSender.SendBatchInternalAsync(Func`1 messageFactory, TimeSpan timeout, CancellationToken cancellationToken)
   at Azure.Messaging.ServiceBus.Amqp.AmqpSender.<>c__DisplayClass20_0.<<SendAsync>b__1>d.MoveNext()
--- End of stack trace from previous location where exception was thrown ---
   at Azure.Messaging.ServiceBus.ServiceBusRetryPolicy.RunOperation(Func`2 operation, TransportConnectionScope scope, CancellationToken cancellationToken)
   at Azure.Messaging.ServiceBus.ServiceBusRetryPolicy.RunOperation(Func`2 operation, TransportConnectionScope scope, CancellationToken cancellationToken)
   at Azure.Messaging.ServiceBus.Amqp.AmqpSender.SendAsync(IReadOnlyList`1 messages, CancellationToken cancellationToken)
   at Azure.Messaging.ServiceBus.ServiceBusSender.SendMessagesAsync(IEnumerable`1 messages, CancellationToken cancellationToken)
   at Azure.Messaging.ServiceBus.ServiceBusSender.SendMessageAsync(ServiceBusMessage message, CancellationToken cancellationToken)
   at IVTA003.api.Infraestructure.Services.ManejadorRequest`1.EnviarMensajeAsync(String sesionId, String cadenaConexion, String nombreQueueRequest, T body) in C:\Users\henry\Desktop\INFORMACION_PWC\CODIGO\INTERFACES\COMPLETAS LOG\IVTA003.api\IVTA003.api\Infraestructure\Services\ManejadorRequest.cs:line 29
   at IVTA003.api.Infraestructure.Services.ManejadorRequest`1.EnviarMensajeAsync(String sesionId, String cadenaConexion, String nombreQueueRequest, T body) in C:\Users\henry\Desktop\INFORMACION_PWC\CODIGO\INTERFACES\COMPLETAS LOG\IVTA003.api\IVTA003.api\Infraestructure\Services\ManejadorRequest.cs:line 33
   at IVTA003.api.Controllers.IVTA003001Controller.APIVTA003001(APIVTA003001MessageRequest parametrorequest) in C:\Users\henry\Desktop\INFORMACION_PWC\CODIGO\INTERFACES\COMPLETAS LOG\IVTA003.api\IVTA003.api\Controllers\IVTA003001Controller.cs:line 98
2021-08-31 T 12:53:47 || CONTROLADOR: Request Recibido: {"DataAreaId":"000001","Enviroment":"TEST","SessionId":null,"VATNum":"0904698206"}
2021-08-31 T 12:53:47 || WS HOMOLOGACION : Número de  intentos realizados : 0, Tiempo Transcurrido : 121 ms.
2021-08-31 T 12:53:47 || CONTROLADOR: Request Enviado a Dynamics: {"DataAreaId":"0001","Enviroment":"TEST","SessionId":"ef37f8cf-e304-40ac-a9c5-c183e42fc82f","VATNum":"0904698206"}
2021-08-31 T 12:54:02 || SERVICIO RESPONSE : Número de  intentos realizados : 0, Tiempo Transcurrido : 1885 ms.
2021-08-31 T 12:54:02 || CONTROLADOR: Response desde Dynamics: {"SessionId":"ef37f8cf-e304-40ac-a9c5-c183e42fc82f","APCustTableList":[{"APCustType":"1","VATNum":"0904698206","Name":"MARIA FILOMENA PEÑAFIEL","Date":"1900-01-01T12:00:00","MobileNumber":"","PhoneNumber":"042843975","Email":"","State":"09","City":"01","Address":"FRANCISCO SEGURA 6505 Y LA 23 AVA "}],"StatusId":true,"TimeStartEnd":null,"ErrorList":[]}
