2021-06-02 T 15:33:24 || Azure.Messaging.ServiceBus.ServiceBusException: Put token failed. status-code: 404, status-description: The messaging entity 'sb://crecoscorp.servicebus.windows.net/apicaj001001queuerequest' could not be found. To know more visit https://aka.ms/sbResourceMgrExceptions.  TrackingId:58af9401-e69e-441d-90a6-5a90d9fa08b6_G9, SystemTracker:crecoscorp.servicebus.windows.net:apicaj001001queuerequest, Timestamp:2021-06-02T20:33:23. (MessagingEntityNotFound)
   at Azure.Messaging.ServiceBus.Amqp.AmqpConnectionScope.CreateSendingLinkAsync(String entityPath, String identifier, AmqpConnection connection, TimeSpan timeout, CancellationToken cancellationToken)
   at Azure.Messaging.ServiceBus.Amqp.AmqpConnectionScope.OpenSenderLinkAsync(String entityPath, String identifier, TimeSpan timeout, CancellationToken cancellationToken)
   at Azure.Messaging.ServiceBus.Amqp.AmqpSender.CreateLinkAndEnsureSenderStateAsync(TimeSpan timeout, CancellationToken cancellationToken)
   at Microsoft.Azure.Amqp.FaultTolerantAmqpObject`1.OnCreateAsync(TimeSpan timeout)
   at Microsoft.Azure.Amqp.Singleton`1.GetOrCreateAsync(TimeSpan timeout)
   at Microsoft.Azure.Amqp.Singleton`1.GetOrCreateAsync(TimeSpan timeout)
   at Azure.Messaging.ServiceBus.Amqp.AmqpSender.SendBatchInternalAsync(Func`1 messageFactory, TimeSpan timeout, CancellationToken cancellationToken)
   at Azure.Messaging.ServiceBus.Amqp.AmqpSender.SendBatchInternalAsync(Func`1 messageFactory, TimeSpan timeout, CancellationToken cancellationToken)
   at Azure.Messaging.ServiceBus.Amqp.AmqpSender.<>c__DisplayClass20_0.<<SendAsync>b__1>d.MoveNext()
--- End of stack trace from previous location where exception was thrown ---
   at Azure.Messaging.ServiceBus.ServiceBusRetryPolicy.RunOperation(Func`2 operation, TransportConnectionScope scope, CancellationToken cancellationToken)
   at Azure.Messaging.ServiceBus.ServiceBusRetryPolicy.RunOperation(Func`2 operation, TransportConnectionScope scope, CancellationToken cancellationToken)
   at Azure.Messaging.ServiceBus.Amqp.AmqpSender.SendAsync(IReadOnlyList`1 messages, CancellationToken cancellationToken)
   at Azure.Messaging.ServiceBus.ServiceBusSender.SendMessagesAsync(IEnumerable`1 messages, CancellationToken cancellationToken)
   at Azure.Messaging.ServiceBus.ServiceBusSender.SendMessageAsync(ServiceBusMessage message, CancellationToken cancellationToken)
   at ICAJ001.api.Infraestructure.Services.ManejadorRequest`1.EnviarMensajeAsync(String sesionId, String cadenaConexion, String nombreQueueRequest, T body) in C:\Users\Enrique\Desktop\PROYECTOS TERMINADOS\PROYECTOS TERMINADOS 100%\ICAJ001.api\ICAJ001.api\Infraestructure\Services\ManejadorRequest.cs:line 29
   at ICAJ001.api.Infraestructure.Services.ManejadorRequest`1.EnviarMensajeAsync(String sesionId, String cadenaConexion, String nombreQueueRequest, T body) in C:\Users\Enrique\Desktop\PROYECTOS TERMINADOS\PROYECTOS TERMINADOS 100%\ICAJ001.api\ICAJ001.api\Infraestructure\Services\ManejadorRequest.cs:line 33
   at ICAJ001.api.Controllers.ICAJ001001Controller.APICAJ001001(APICAJ001001MessageRequest parametrorequest) in C:\Users\Enrique\Desktop\PROYECTOS TERMINADOS\PROYECTOS TERMINADOS 100%\ICAJ001.api\ICAJ001.api\Controllers\ICAJ001001Controller.cs:line 62
2021-06-02 T 15:38:10 || Azure.Messaging.ServiceBus.ServiceBusException: Put token failed. status-code: 404, status-description: The messaging entity 'sb://crecoscorp.servicebus.windows.net/apicaj001001queuerequest' could not be found. To know more visit https://aka.ms/sbResourceMgrExceptions.  TrackingId:e31df6e4-2969-4270-9c31-2c2244ed8c4d_G5, SystemTracker:crecoscorp.servicebus.windows.net:apicaj001001queuerequest, Timestamp:2021-06-02T20:38:10. (MessagingEntityNotFound)
   at Azure.Messaging.ServiceBus.Amqp.AmqpConnectionScope.CreateSendingLinkAsync(String entityPath, String identifier, AmqpConnection connection, TimeSpan timeout, CancellationToken cancellationToken)
   at Azure.Messaging.ServiceBus.Amqp.AmqpConnectionScope.OpenSenderLinkAsync(String entityPath, String identifier, TimeSpan timeout, CancellationToken cancellationToken)
   at Azure.Messaging.ServiceBus.Amqp.AmqpSender.CreateLinkAndEnsureSenderStateAsync(TimeSpan timeout, CancellationToken cancellationToken)
   at Microsoft.Azure.Amqp.FaultTolerantAmqpObject`1.OnCreateAsync(TimeSpan timeout)
   at Microsoft.Azure.Amqp.Singleton`1.GetOrCreateAsync(TimeSpan timeout)
   at Microsoft.Azure.Amqp.Singleton`1.GetOrCreateAsync(TimeSpan timeout)
   at Azure.Messaging.ServiceBus.Amqp.AmqpSender.SendBatchInternalAsync(Func`1 messageFactory, TimeSpan timeout, CancellationToken cancellationToken)
   at Azure.Messaging.ServiceBus.Amqp.AmqpSender.SendBatchInternalAsync(Func`1 messageFactory, TimeSpan timeout, CancellationToken cancellationToken)
   at Azure.Messaging.ServiceBus.Amqp.AmqpSender.<>c__DisplayClass20_0.<<SendAsync>b__1>d.MoveNext()
--- End of stack trace from previous location where exception was thrown ---
   at Azure.Messaging.ServiceBus.ServiceBusRetryPolicy.RunOperation(Func`2 operation, TransportConnectionScope scope, CancellationToken cancellationToken)
   at Azure.Messaging.ServiceBus.ServiceBusRetryPolicy.RunOperation(Func`2 operation, TransportConnectionScope scope, CancellationToken cancellationToken)
   at Azure.Messaging.ServiceBus.Amqp.AmqpSender.SendAsync(IReadOnlyList`1 messages, CancellationToken cancellationToken)
   at Azure.Messaging.ServiceBus.ServiceBusSender.SendMessagesAsync(IEnumerable`1 messages, CancellationToken cancellationToken)
   at Azure.Messaging.ServiceBus.ServiceBusSender.SendMessageAsync(ServiceBusMessage message, CancellationToken cancellationToken)
   at ICAJ001.api.Infraestructure.Services.ManejadorRequest`1.EnviarMensajeAsync(String sesionId, String cadenaConexion, String nombreQueueRequest, T body) in C:\Users\Enrique\Desktop\PROYECTOS TERMINADOS\PROYECTOS TERMINADOS 100%\ICAJ001.api\ICAJ001.api\Infraestructure\Services\ManejadorRequest.cs:line 29
   at ICAJ001.api.Infraestructure.Services.ManejadorRequest`1.EnviarMensajeAsync(String sesionId, String cadenaConexion, String nombreQueueRequest, T body) in C:\Users\Enrique\Desktop\PROYECTOS TERMINADOS\PROYECTOS TERMINADOS 100%\ICAJ001.api\ICAJ001.api\Infraestructure\Services\ManejadorRequest.cs:line 33
   at ICAJ001.api.Controllers.ICAJ001001Controller.APICAJ001001(APICAJ001001MessageRequest parametrorequest) in C:\Users\Enrique\Desktop\PROYECTOS TERMINADOS\PROYECTOS TERMINADOS 100%\ICAJ001.api\ICAJ001.api\Controllers\ICAJ001001Controller.cs:line 62
