2021-09-28 T 14:13:15 || CONTROLADOR: ERROR: Azure.Messaging.ServiceBus.ServiceBusException: No se puede establecer una conexión ya que el equipo de destino denegó expresamente dicha conexión. ErrorCode: ConnectionRefused (ServiceCommunicationProblem)
 ---> System.Net.Sockets.SocketException (10061): No se puede establecer una conexión ya que el equipo de destino denegó expresamente dicha conexión.
   at Azure.Messaging.ServiceBus.Amqp.AmqpConnectionScope.CreateAndOpenConnectionAsync(Version amqpVersion, Uri serviceEndpoint, ServiceBusTransportType transportType, IWebProxy proxy, String scopeIdentifier, TimeSpan timeout)
   at Microsoft.Azure.Amqp.FaultTolerantAmqpObject`1.OnCreateAsync(TimeSpan timeout)
   at Microsoft.Azure.Amqp.Singleton`1.GetOrCreateAsync(TimeSpan timeout)
   at Microsoft.Azure.Amqp.Singleton`1.GetOrCreateAsync(TimeSpan timeout)
   at Azure.Messaging.ServiceBus.Amqp.AmqpConnectionScope.OpenSenderLinkAsync(String entityPath, String identifier, TimeSpan timeout, CancellationToken cancellationToken)
   at Azure.Messaging.ServiceBus.Amqp.AmqpSender.CreateLinkAndEnsureSenderStateAsync(TimeSpan timeout, CancellationToken cancellationToken)
   at Microsoft.Azure.Amqp.FaultTolerantAmqpObject`1.OnCreateAsync(TimeSpan timeout)
   at Microsoft.Azure.Amqp.Singleton`1.GetOrCreateAsync(TimeSpan timeout)
   at Microsoft.Azure.Amqp.Singleton`1.GetOrCreateAsync(TimeSpan timeout)
   at Azure.Messaging.ServiceBus.Amqp.AmqpSender.SendBatchInternalAsync(IEnumerable`1 messages, TimeSpan timeout, CancellationToken cancellationToken)
   --- End of inner exception stack trace ---
   at Azure.Messaging.ServiceBus.Amqp.AmqpSender.SendBatchInternalAsync(IEnumerable`1 messages, TimeSpan timeout, CancellationToken cancellationToken)
   at Azure.Messaging.ServiceBus.Amqp.AmqpSender.<>c.<<SendAsync>b__20_0>d.MoveNext()
--- End of stack trace from previous location where exception was thrown ---
   at Azure.Messaging.ServiceBus.ServiceBusRetryPolicy.<>c__20`1.<<RunOperation>b__20_0>d.MoveNext()
--- End of stack trace from previous location where exception was thrown ---
   at Azure.Messaging.ServiceBus.ServiceBusRetryPolicy.RunOperation[T1,TResult](Func`4 operation, T1 t1, TransportConnectionScope scope, CancellationToken cancellationToken)
   at Azure.Messaging.ServiceBus.ServiceBusRetryPolicy.RunOperation[T1,TResult](Func`4 operation, T1 t1, TransportConnectionScope scope, CancellationToken cancellationToken)
   at Azure.Messaging.ServiceBus.ServiceBusRetryPolicy.RunOperation[T1](Func`4 operation, T1 t1, TransportConnectionScope scope, CancellationToken cancellationToken)
   at Azure.Messaging.ServiceBus.Amqp.AmqpSender.SendAsync(IReadOnlyList`1 messages, CancellationToken cancellationToken)
   at Azure.Messaging.ServiceBus.ServiceBusSender.SendMessagesAsync(IEnumerable`1 messages, CancellationToken cancellationToken)
   at Azure.Messaging.ServiceBus.ServiceBusSender.SendMessageAsync(ServiceBusMessage message, CancellationToken cancellationToken)
   at ICAJ024.api.Infraestructure.Services.ManejadorRequest`1.EnviarMensajeAsync(String sesionId, String cadenaConexion, String nombreQueueRequest, T body) in C:\Users\henry\Desktop\INFORMACION_PWC\CODIGO\INTERFACES\INTERFACES ENRIQUE\REVISADAS\ICAJ024.api\ICAJ024.api\Infraestructure\Services\ManejadorRequest.cs:line 31
   at ICAJ024.api.Infraestructure.Services.ManejadorRequest`1.EnviarMensajeAsync(String sesionId, String cadenaConexion, String nombreQueueRequest, T body) in C:\Users\henry\Desktop\INFORMACION_PWC\CODIGO\INTERFACES\INTERFACES ENRIQUE\REVISADAS\ICAJ024.api\ICAJ024.api\Infraestructure\Services\ManejadorRequest.cs:line 35
   at ICAJ024.api.Controllers.ICAJ024001Controller.APICAJ024001(APICAJ024001MessageRequest parametrorequest) in C:\Users\henry\Desktop\INFORMACION_PWC\CODIGO\INTERFACES\INTERFACES ENRIQUE\REVISADAS\ICAJ024.api\ICAJ024.api\Controllers\ICAJ024001Controller.cs:line 100
2021-09-28 T 14:14:01 || CONTROLADOR: ERROR: Azure.Messaging.ServiceBus.ServiceBusException: No se puede establecer una conexión ya que el equipo de destino denegó expresamente dicha conexión. ErrorCode: ConnectionRefused (ServiceCommunicationProblem)
 ---> System.Net.Sockets.SocketException (10061): No se puede establecer una conexión ya que el equipo de destino denegó expresamente dicha conexión.
   at Azure.Messaging.ServiceBus.Amqp.AmqpConnectionScope.CreateAndOpenConnectionAsync(Version amqpVersion, Uri serviceEndpoint, ServiceBusTransportType transportType, IWebProxy proxy, String scopeIdentifier, TimeSpan timeout)
   at Microsoft.Azure.Amqp.FaultTolerantAmqpObject`1.OnCreateAsync(TimeSpan timeout)
   at Microsoft.Azure.Amqp.Singleton`1.GetOrCreateAsync(TimeSpan timeout)
   at Microsoft.Azure.Amqp.Singleton`1.GetOrCreateAsync(TimeSpan timeout)
   at Azure.Messaging.ServiceBus.Amqp.AmqpConnectionScope.OpenSenderLinkAsync(String entityPath, String identifier, TimeSpan timeout, CancellationToken cancellationToken)
   at Azure.Messaging.ServiceBus.Amqp.AmqpSender.CreateLinkAndEnsureSenderStateAsync(TimeSpan timeout, CancellationToken cancellationToken)
   at Microsoft.Azure.Amqp.FaultTolerantAmqpObject`1.OnCreateAsync(TimeSpan timeout)
   at Microsoft.Azure.Amqp.Singleton`1.GetOrCreateAsync(TimeSpan timeout)
   at Microsoft.Azure.Amqp.Singleton`1.GetOrCreateAsync(TimeSpan timeout)
   at Azure.Messaging.ServiceBus.Amqp.AmqpSender.SendBatchInternalAsync(IEnumerable`1 messages, TimeSpan timeout, CancellationToken cancellationToken)
   --- End of inner exception stack trace ---
   at Azure.Messaging.ServiceBus.Amqp.AmqpSender.SendBatchInternalAsync(IEnumerable`1 messages, TimeSpan timeout, CancellationToken cancellationToken)
   at Azure.Messaging.ServiceBus.Amqp.AmqpSender.<>c.<<SendAsync>b__20_0>d.MoveNext()
--- End of stack trace from previous location where exception was thrown ---
   at Azure.Messaging.ServiceBus.ServiceBusRetryPolicy.<>c__20`1.<<RunOperation>b__20_0>d.MoveNext()
--- End of stack trace from previous location where exception was thrown ---
   at Azure.Messaging.ServiceBus.ServiceBusRetryPolicy.RunOperation[T1,TResult](Func`4 operation, T1 t1, TransportConnectionScope scope, CancellationToken cancellationToken)
   at Azure.Messaging.ServiceBus.ServiceBusRetryPolicy.RunOperation[T1,TResult](Func`4 operation, T1 t1, TransportConnectionScope scope, CancellationToken cancellationToken)
   at Azure.Messaging.ServiceBus.ServiceBusRetryPolicy.RunOperation[T1](Func`4 operation, T1 t1, TransportConnectionScope scope, CancellationToken cancellationToken)
   at Azure.Messaging.ServiceBus.Amqp.AmqpSender.SendAsync(IReadOnlyList`1 messages, CancellationToken cancellationToken)
   at Azure.Messaging.ServiceBus.ServiceBusSender.SendMessagesAsync(IEnumerable`1 messages, CancellationToken cancellationToken)
   at Azure.Messaging.ServiceBus.ServiceBusSender.SendMessageAsync(ServiceBusMessage message, CancellationToken cancellationToken)
   at ICAJ024.api.Infraestructure.Services.ManejadorRequest`1.EnviarMensajeAsync(String sesionId, String cadenaConexion, String nombreQueueRequest, T body) in C:\Users\henry\Desktop\INFORMACION_PWC\CODIGO\INTERFACES\INTERFACES ENRIQUE\REVISADAS\ICAJ024.api\ICAJ024.api\Infraestructure\Services\ManejadorRequest.cs:line 31
   at ICAJ024.api.Infraestructure.Services.ManejadorRequest`1.EnviarMensajeAsync(String sesionId, String cadenaConexion, String nombreQueueRequest, T body) in C:\Users\henry\Desktop\INFORMACION_PWC\CODIGO\INTERFACES\INTERFACES ENRIQUE\REVISADAS\ICAJ024.api\ICAJ024.api\Infraestructure\Services\ManejadorRequest.cs:line 35
   at ICAJ024.api.Controllers.ICAJ024001Controller.APICAJ024001(APICAJ024001MessageRequest parametrorequest) in C:\Users\henry\Desktop\INFORMACION_PWC\CODIGO\INTERFACES\INTERFACES ENRIQUE\REVISADAS\ICAJ024.api\ICAJ024.api\Controllers\ICAJ024001Controller.cs:line 100
2021-09-28 T 14:16:54 || CONTROLADOR: ERROR: System.FormatException: Input string was not in a correct format.
   at System.Number.ThrowOverflowOrFormatException(ParsingStatus status, TypeCode type)
   at System.Number.ParseInt32(ReadOnlySpan`1 value, NumberStyles styles, NumberFormatInfo info)
   at System.Int32.Parse(String s)
   at ICAJ024.api.Controllers.ICAJ024001Controller.APICAJ024001(APICAJ024001MessageRequest parametrorequest) in C:\Users\henry\Desktop\INFORMACION_PWC\CODIGO\INTERFACES\INTERFACES ENRIQUE\REVISADAS\ICAJ024.api\ICAJ024.api\Controllers\ICAJ024001Controller.cs:line 94
2021-09-28 T 14:17:02 || CONTROLADOR: ERROR: System.FormatException: Input string was not in a correct format.
   at System.Number.ThrowOverflowOrFormatException(ParsingStatus status, TypeCode type)
   at System.Number.ParseInt32(ReadOnlySpan`1 value, NumberStyles styles, NumberFormatInfo info)
   at System.Int32.Parse(String s)
   at ICAJ024.api.Controllers.ICAJ024001Controller.APICAJ024001(APICAJ024001MessageRequest parametrorequest) in C:\Users\henry\Desktop\INFORMACION_PWC\CODIGO\INTERFACES\INTERFACES ENRIQUE\REVISADAS\ICAJ024.api\ICAJ024.api\Controllers\ICAJ024001Controller.cs:line 94
2021-09-28 T 14:17:21 || CONTROLADOR: ERROR: System.FormatException: Input string was not in a correct format.
   at System.Number.ThrowOverflowOrFormatException(ParsingStatus status, TypeCode type)
   at System.Number.ParseInt32(ReadOnlySpan`1 value, NumberStyles styles, NumberFormatInfo info)
   at System.Int32.Parse(String s)
   at ICAJ024.api.Controllers.ICAJ024001Controller.APICAJ024001(APICAJ024001MessageRequest parametrorequest) in C:\Users\henry\Desktop\INFORMACION_PWC\CODIGO\INTERFACES\INTERFACES ENRIQUE\REVISADAS\ICAJ024.api\ICAJ024.api\Controllers\ICAJ024001Controller.cs:line 94
2021-09-28 T 14:17:27 || CONTROLADOR: ERROR: System.FormatException: Input string was not in a correct format.
   at System.Number.ThrowOverflowOrFormatException(ParsingStatus status, TypeCode type)
   at System.Number.ParseInt32(ReadOnlySpan`1 value, NumberStyles styles, NumberFormatInfo info)
   at System.Int32.Parse(String s)
   at ICAJ024.api.Controllers.ICAJ024001Controller.APICAJ024001(APICAJ024001MessageRequest parametrorequest) in C:\Users\henry\Desktop\INFORMACION_PWC\CODIGO\INTERFACES\INTERFACES ENRIQUE\REVISADAS\ICAJ024.api\ICAJ024.api\Controllers\ICAJ024001Controller.cs:line 94
