2021-09-28 T 14:12:50 || CONTROLADOR: Request Recibido: {"DataAreaId":"000001","Enviroment":"SIT","SessionId":null,"AmountDebitNote":10.0,"CustAccount":"0921415758","DateCreditNote":"2021-09-28T16:02:38.253Z","DocumentLiquidateList":[{"InvoiceLiquidate":"051-007-000000120","VoucherLiquidate":"0001-10000178","NumSettleVoucher":"0001-40000004"}],"NumCreditNote":"001-020-000000031","RubroSIAC":"M1","VoucherCreditNote":"0001-40000004"}
2021-09-28 T 14:12:50 || WS HOMOLOGACION : Número de  intentos realizados : 0, Tiempo Transcurrido : 502 ms.
2021-09-28 T 14:12:50 || Convierte Código CrecosAdynamics: Longitud de código es mayor al limite 0921415758
2021-09-28 T 14:12:50 || CONTROLADOR: Request Enviado a Dynamics: {"DataAreaId":"0001","Enviroment":"SIT","SessionId":"2f50034f-570a-4694-ba6f-6fe7e215f668","AmountDebitNote":10.0,"CustAccount":"921415758","DateCreditNote":"2021-09-28T16:02:38.253Z","DocumentLiquidateList":[{"InvoiceLiquidate":"051-007-000000120","VoucherLiquidate":"0001-10000178","NumSettleVoucher":"0001-40000004"}],"NumCreditNote":"001-020-000000031","RubroSIAC":"M1","VoucherCreditNote":"0001-40000004"}
2021-09-28 T 14:13:36 || CONTROLADOR: Request Recibido: {"DataAreaId":"000001","Enviroment":"SIT","SessionId":null,"AmountDebitNote":10.0,"CustAccount":"0921415758","DateCreditNote":"2021-09-28T16:02:38.253Z","DocumentLiquidateList":[{"InvoiceLiquidate":"051-007-000000120","VoucherLiquidate":"0001-10000178","NumSettleVoucher":"0001-40000004"}],"NumCreditNote":"001-020-000000031","RubroSIAC":"M1","VoucherCreditNote":"0001-40000004"}
2021-09-28 T 14:13:36 || WS HOMOLOGACION : Número de  intentos realizados : 0, Tiempo Transcurrido : 563 ms.
2021-09-28 T 14:13:36 || Convierte Código CrecosAdynamics: Longitud de código es mayor al limite 0921415758
2021-09-28 T 14:13:36 || CONTROLADOR: Request Enviado a Dynamics: {"DataAreaId":"0001","Enviroment":"SIT","SessionId":"70e1b332-3b34-4291-9977-52dd0167f79a","AmountDebitNote":10.0,"CustAccount":"921415758","DateCreditNote":"2021-09-28T16:02:38.253Z","DocumentLiquidateList":[{"InvoiceLiquidate":"051-007-000000120","VoucherLiquidate":"0001-10000178","NumSettleVoucher":"0001-40000004"}],"NumCreditNote":"001-020-000000031","RubroSIAC":"M1","VoucherCreditNote":"0001-40000004"}
2021-09-28 T 14:15:25 || CONTROLADOR: Request Recibido: {"DataAreaId":"000001","Enviroment":"SIT","SessionId":null,"AmountDebitNote":10.0,"CustAccount":"0921415758","DateCreditNote":"2021-09-28T16:02:38.253Z","DocumentLiquidateList":[{"InvoiceLiquidate":"051-007-000000120","VoucherLiquidate":"0001-10000178","NumSettleVoucher":"0001-40000004"}],"NumCreditNote":"001-020-000000031","RubroSIAC":"M1","VoucherCreditNote":"0001-40000004"}
2021-09-28 T 14:15:25 || WS HOMOLOGACION : Número de  intentos realizados : 0, Tiempo Transcurrido : 61 ms.
2021-09-28 T 14:15:25 || Convierte Código CrecosAdynamics: Longitud de código es mayor al limite 0921415758
2021-09-28 T 14:15:25 || CONTROLADOR: Request Enviado a Dynamics: {"DataAreaId":"0001","Enviroment":"SIT","SessionId":"5e748367-d591-48c9-9b6e-efd3a6f5538a","AmountDebitNote":10.0,"CustAccount":"921415758","DateCreditNote":"2021-09-28T16:02:38.253Z","DocumentLiquidateList":[{"InvoiceLiquidate":"051-007-000000120","VoucherLiquidate":"0001-10000178","NumSettleVoucher":"0001-40000004"}],"NumCreditNote":"001-020-000000031","RubroSIAC":"M1","VoucherCreditNote":"0001-40000004"}
2021-09-28 T 14:15:49 || SERVICIO RESPONSE : Número de  intentos realizados : 0, Tiempo Transcurrido : 12049 ms.
2021-09-28 T 14:15:49 || CONTROLADOR: Response desde Dynamics: {"AmountDebitNote":0.0,"DateDebitNote":"1900-01-01T12:00:00","DocumentCreditNoteList":null,"ErrorList":["Cliente 921415758 no se encuentra creado en el sistema"],"InvoiceAmount":0.0,"NumDebitNote":"","SessionId":"5e748367-d591-48c9-9b6e-efd3a6f5538a","StatusId":false,"VoucherDebitNote":""}
2021-09-28 T 14:16:54 || CONTROLADOR: Request Recibido: {"DataAreaId":"000001","Enviroment":"SIT","SessionId":null,"AmountDebitNote":10.0,"CustAccount":"1168551","DateCreditNote":"2021-09-28T16:02:38.253Z","DocumentLiquidateList":[{"InvoiceLiquidate":"051-007-000000120","VoucherLiquidate":"0001-10000178","NumSettleVoucher":"0001-40000004"}],"NumCreditNote":"001-020-000000031","RubroSIAC":"M1","VoucherCreditNote":"0001-40000004"}
2021-09-28 T 14:16:54 || WS HOMOLOGACION : Número de  intentos realizados : 0, Tiempo Transcurrido : 85 ms.
2021-09-28 T 14:16:54 || Convierte Código CrecosAdynamics: Código a Crecos C001168551
2021-09-28 T 14:17:02 || CONTROLADOR: Request Recibido: {"DataAreaId":"000001","Enviroment":"SIT","SessionId":null,"AmountDebitNote":10.0,"CustAccount":"1168551","DateCreditNote":"2021-09-28T16:02:38.253Z","DocumentLiquidateList":[{"InvoiceLiquidate":"051-007-000000120","VoucherLiquidate":"0001-10000178","NumSettleVoucher":"0001-40000004"}],"NumCreditNote":"001-020-000000031","RubroSIAC":"M1","VoucherCreditNote":"0001-40000004"}
2021-09-28 T 14:17:02 || WS HOMOLOGACION : Número de  intentos realizados : 0, Tiempo Transcurrido : 268 ms.
2021-09-28 T 14:17:02 || Convierte Código CrecosAdynamics: Código a Crecos C001168551
2021-09-28 T 14:17:21 || CONTROLADOR: Request Recibido: {"DataAreaId":"000001","Enviroment":"SIT","SessionId":null,"AmountDebitNote":10.0,"CustAccount":"1168551","DateCreditNote":"2021-09-28T16:02:38.253Z","DocumentLiquidateList":[{"InvoiceLiquidate":"051-007-000000120","VoucherLiquidate":"0001-10000178","NumSettleVoucher":"0001-40000004"}],"NumCreditNote":"001-020-000000031","RubroSIAC":"M1","VoucherCreditNote":"0001-40000004"}
2021-09-28 T 14:17:21 || WS HOMOLOGACION : Número de  intentos realizados : 0, Tiempo Transcurrido : 92 ms.
2021-09-28 T 14:17:21 || Convierte Código CrecosAdynamics: Código a Crecos C001168551
2021-09-28 T 14:17:27 || CONTROLADOR: Request Recibido: {"DataAreaId":"000001","Enviroment":"SIT","SessionId":null,"AmountDebitNote":10.0,"CustAccount":"1168551","DateCreditNote":"2021-09-28T16:02:38.253Z","DocumentLiquidateList":[{"InvoiceLiquidate":"051-007-000000120","VoucherLiquidate":"0001-10000178","NumSettleVoucher":"0001-40000004"}],"NumCreditNote":"001-020-000000031","RubroSIAC":"M1","VoucherCreditNote":"0001-40000004"}
2021-09-28 T 14:17:27 || WS HOMOLOGACION : Número de  intentos realizados : 0, Tiempo Transcurrido : 52 ms.
2021-09-28 T 14:17:27 || Convierte Código CrecosAdynamics: Código a Crecos C001168551
2021-09-28 T 14:19:24 || CONTROLADOR: Request Recibido: {"DataAreaId":"000001","Enviroment":"SIT","SessionId":null,"AmountDebitNote":10.0,"CustAccount":"1168551","DateCreditNote":"2021-09-28T16:02:38.253Z","DocumentLiquidateList":[{"InvoiceLiquidate":"051-007-000000120","VoucherLiquidate":"0001-10000178","NumSettleVoucher":"0001-40000004"}],"NumCreditNote":"001-020-000000031","RubroSIAC":"M1","VoucherCreditNote":"0001-40000004"}
2021-09-28 T 14:19:30 || WS HOMOLOGACION : Número de  intentos realizados : 0, Tiempo Transcurrido : 41 ms.
2021-09-28 T 14:19:45 || Convierte Código CrecosAdynamics: Código a Crecos C001168551
2021-09-28 T 14:29:49 || CONTROLADOR: Request Recibido: {"DataAreaId":"000001","Enviroment":"SIT","SessionId":null,"AmountDebitNote":10.0,"CustAccount":"1168551","DateCreditNote":"2021-09-28T16:02:38.253Z","DocumentLiquidateList":[{"InvoiceLiquidate":"051-007-000000120","VoucherLiquidate":"0001-10000178","NumSettleVoucher":"0001-40000004"}],"NumCreditNote":"001-020-000000031","RubroSIAC":"M1","VoucherCreditNote":"0001-40000004"}
2021-09-28 T 14:29:49 || WS HOMOLOGACION : Número de  intentos realizados : 0, Tiempo Transcurrido : 370 ms.
