2021-07-19 T 10:23:47 || CONTROLADOR: Request Recibido: {"DataAreaId":"000001","Enviroment":"TEST","SessionId":null,"APIndependetEntrep":[{"APCodeIndependentVend":"032","APCodeIndependent":null,"DateStartRelation":"0001-01-01T00:00:00","DateEndRelation":"0001-01-01T00:00:00","APRelationStatus":0,"AccountNum":"C000000128","VATNum":"0906300074","DateEntryReq":"0001-01-01T00:00:00","RecId":0},{"APCodeIndependentVend":"032","APCodeIndependent":null,"DateStartRelation":"0001-01-01T00:00:00","DateEndRelation":"0001-01-01T00:00:00","APRelationStatus":0,"AccountNum":"C000000128","VATNum":"0906300074","DateEntryReq":"0001-01-01T00:00:00","RecId":0}]}
2021-07-19 T 10:23:51 || SERVICIO RESPONSE HOMOLOGACION : Número de  intentos realizados : 0, Tiempo Transcurrido : 3904 ms.
2021-07-19 T 10:24:25 || CONTROLADOR: Request Enviado a Dynamics: {"DataAreaId":"0001","Enviroment":"TEST","SessionId":"54c5ab80-f749-4014-beef-53b94a5e9dad","APIndependetEntrep":[{"APCodeIndependentVend":"032","APCodeIndependent":null,"DateStartRelation":"0001-01-01T00:00:00","DateEndRelation":"0001-01-01T00:00:00","APRelationStatus":0,"AccountNum":"C000000128","VATNum":"0906300074","DateEntryReq":"0001-01-01T00:00:00","RecId":0},{"APCodeIndependentVend":"032","APCodeIndependent":null,"DateStartRelation":"0001-01-01T00:00:00","DateEndRelation":"0001-01-01T00:00:00","APRelationStatus":0,"AccountNum":"C000000128","VATNum":"0906300074","DateEntryReq":"0001-01-01T00:00:00","RecId":0}]}
2021-07-19 T 10:24:35 || SERVICIO RESPONSE : Número de  intentos realizados : 0, Tiempo Transcurrido : 1989 ms.
2021-07-19 T 10:24:35 || CONTROLADOR: Response desde Dynamics: {"SessionId":"54c5ab80-f749-4014-beef-53b94a5e9dad","StatusId":false,"TimeStartEnd":null,"ErrorList":["ICRE001:E084|Código NETZEN  032, tiene estado Baja"]}
2021-07-19 T 10:24:57 || CONTROLADOR: Request Recibido: {"DataAreaId":"000001","Enviroment":"TEST","SessionId":null,"APIndependetEntrep":[]}
2021-07-19 T 10:24:57 || SERVICIO RESPONSE HOMOLOGACION : Número de  intentos realizados : 0, Tiempo Transcurrido : 53 ms.
2021-07-19 T 10:26:39 || CONTROLADOR: Request Recibido: {"DataAreaId":"000001","Enviroment":"TEST","SessionId":null,"APIndependetEntrep":[]}
2021-07-19 T 10:26:40 || SERVICIO RESPONSE HOMOLOGACION : Número de  intentos realizados : 0, Tiempo Transcurrido : 927 ms.
2021-07-19 T 10:26:42 || CONTROLADOR: Request Enviado a Dynamics: {"DataAreaId":"0001","Enviroment":"TEST","SessionId":"5a54588d-1de4-4ef4-9dbd-00dd79013cbd","APIndependetEntrep":[]}
2021-07-19 T 10:26:48 || SERVICIO RESPONSE : Número de  intentos realizados : 0, Tiempo Transcurrido : 1853 ms.
2021-07-19 T 10:26:48 || CONTROLADOR: Response desde Dynamics: {"SessionId":"5a54588d-1de4-4ef4-9dbd-00dd79013cbd","StatusId":false,"TimeStartEnd":null,"ErrorList":[]}
2021-07-19 T 10:27:03 || CONTROLADOR: Request Recibido: {"DataAreaId":"000001","Enviroment":"TEST","SessionId":null,"APIndependetEntrep":[]}
2021-07-19 T 10:27:03 || SERVICIO RESPONSE HOMOLOGACION : Número de  intentos realizados : 0, Tiempo Transcurrido : 41 ms.
2021-07-19 T 10:27:10 || CONTROLADOR: Request Enviado a Dynamics: {"DataAreaId":"0001","Enviroment":"TEST","SessionId":"41b87e0b-40c3-4ef4-93a9-2292d74b5a84","APIndependetEntrep":[]}
2021-07-19 T 10:27:16 || SERVICIO RESPONSE : Número de  intentos realizados : 0, Tiempo Transcurrido : 3895 ms.
2021-07-19 T 10:27:16 || CONTROLADOR: Response desde Dynamics: {"SessionId":"41b87e0b-40c3-4ef4-93a9-2292d74b5a84","StatusId":false,"TimeStartEnd":null,"ErrorList":[]}
2021-07-19 T 10:27:55 || CONTROLADOR: Request Recibido: {"DataAreaId":"000001","Enviroment":"TEST","SessionId":null,"APIndependetEntrep":[{"APCodeIndependentVend":"032","APCodeIndependent":null,"DateStartRelation":"0001-01-01T00:00:00","DateEndRelation":"0001-01-01T00:00:00","APRelationStatus":0,"AccountNum":"00128","VATNum":"0906300074","DateEntryReq":"0001-01-01T00:00:00","RecId":0},{"APCodeIndependentVend":"032","APCodeIndependent":null,"DateStartRelation":"0001-01-01T00:00:00","DateEndRelation":"0001-01-01T00:00:00","APRelationStatus":0,"AccountNum":"0128","VATNum":"0906300074","DateEntryReq":"0001-01-01T00:00:00","RecId":0}]}
2021-07-19 T 10:27:55 || SERVICIO RESPONSE HOMOLOGACION : Número de  intentos realizados : 0, Tiempo Transcurrido : 75 ms.
2021-07-19 T 10:28:42 || CONTROLADOR: Request Enviado a Dynamics: {"DataAreaId":"0001","Enviroment":"TEST","SessionId":"eb5a8e02-048c-4a13-9fc7-58288b431866","APIndependetEntrep":[{"APCodeIndependentVend":"032","APCodeIndependent":null,"DateStartRelation":"0001-01-01T00:00:00","DateEndRelation":"0001-01-01T00:00:00","APRelationStatus":0,"AccountNum":"C000000128","VATNum":"0906300074","DateEntryReq":"0001-01-01T00:00:00","RecId":0},{"APCodeIndependentVend":"032","APCodeIndependent":null,"DateStartRelation":"0001-01-01T00:00:00","DateEndRelation":"0001-01-01T00:00:00","APRelationStatus":0,"AccountNum":"0128","VATNum":"0906300074","DateEntryReq":"0001-01-01T00:00:00","RecId":0}]}
2021-07-19 T 10:28:49 || SERVICIO RESPONSE : Número de  intentos realizados : 0, Tiempo Transcurrido : 262 ms.
2021-07-19 T 10:28:49 || CONTROLADOR: Response desde Dynamics: {"SessionId":"eb5a8e02-048c-4a13-9fc7-58288b431866","StatusId":false,"TimeStartEnd":null,"ErrorList":["ICRE001:E084|Código NETZEN  032, tiene estado Baja"]}
2021-07-19 T 10:32:34 || CONTROLADOR: Request Recibido: {"DataAreaId":"000001","Enviroment":"TEST","SessionId":null,"APIndependetEntrep":[{"APCodeIndependentVend":"032","APCodeIndependent":null,"DateStartRelation":"0001-01-01T00:00:00","DateEndRelation":"0001-01-01T00:00:00","APRelationStatus":0,"AccountNum":"00128","VATNum":"0906300074","DateEntryReq":"0001-01-01T00:00:00","RecId":0},{"APCodeIndependentVend":"032","APCodeIndependent":null,"DateStartRelation":"0001-01-01T00:00:00","DateEndRelation":"0001-01-01T00:00:00","APRelationStatus":0,"AccountNum":"0128","VATNum":"0906300074","DateEntryReq":"0001-01-01T00:00:00","RecId":0}]}
2021-07-19 T 10:32:35 || SERVICIO RESPONSE HOMOLOGACION : Número de  intentos realizados : 0, Tiempo Transcurrido : 837 ms.
2021-07-19 T 10:38:41 || CONTROLADOR: Request Recibido: {"DataAreaId":"000001","Enviroment":"TEST","SessionId":null,"APIndependetEntrep":[{"APCodeIndependentVend":"032","APCodeIndependent":null,"DateStartRelation":"0001-01-01T00:00:00","DateEndRelation":"0001-01-01T00:00:00","APRelationStatus":0,"AccountNum":"00128","VATNum":"0906300074","DateEntryReq":"0001-01-01T00:00:00","RecId":0},{"APCodeIndependentVend":"032","APCodeIndependent":null,"DateStartRelation":"0001-01-01T00:00:00","DateEndRelation":"0001-01-01T00:00:00","APRelationStatus":0,"AccountNum":"0128","VATNum":"0906300074","DateEntryReq":"0001-01-01T00:00:00","RecId":0}]}
2021-07-19 T 10:38:42 || SERVICIO RESPONSE HOMOLOGACION : Número de  intentos realizados : 0, Tiempo Transcurrido : 670 ms.
2021-07-19 T 10:40:29 || CONTROLADOR: Request Recibido: {"DataAreaId":"000001","Enviroment":"TEST","SessionId":null,"APIndependetEntrep":[{"APCodeIndependentVend":"032","APCodeIndependent":null,"DateStartRelation":"0001-01-01T00:00:00","DateEndRelation":"0001-01-01T00:00:00","APRelationStatus":0,"AccountNum":"00128","VATNum":"0906300074","DateEntryReq":"0001-01-01T00:00:00","RecId":0},{"APCodeIndependentVend":"032","APCodeIndependent":null,"DateStartRelation":"0001-01-01T00:00:00","DateEndRelation":"0001-01-01T00:00:00","APRelationStatus":0,"AccountNum":"0128","VATNum":"0906300074","DateEntryReq":"0001-01-01T00:00:00","RecId":0}]}
2021-07-19 T 10:40:30 || SERVICIO RESPONSE HOMOLOGACION : Número de  intentos realizados : 0, Tiempo Transcurrido : 922 ms.
2021-07-19 T 10:40:53 || CONTROLADOR: Request Enviado a Dynamics: {"DataAreaId":"0001","Enviroment":"TEST","SessionId":"3a4f28da-2b63-40de-8a14-3f27e8fc2333","APIndependetEntrep":[{"APCodeIndependentVend":"032","APCodeIndependent":null,"DateStartRelation":"0001-01-01T00:00:00","DateEndRelation":"0001-01-01T00:00:00","APRelationStatus":0,"AccountNum":"C000000128","VATNum":"0906300074","DateEntryReq":"0001-01-01T00:00:00","RecId":0},{"APCodeIndependentVend":"032","APCodeIndependent":null,"DateStartRelation":"0001-01-01T00:00:00","DateEndRelation":"0001-01-01T00:00:00","APRelationStatus":0,"AccountNum":"0128","VATNum":"0906300074","DateEntryReq":"0001-01-01T00:00:00","RecId":0}]}
2021-07-19 T 10:40:58 || SERVICIO RESPONSE : Número de  intentos realizados : 0, Tiempo Transcurrido : 387 ms.
2021-07-19 T 10:40:58 || CONTROLADOR: Response desde Dynamics: {"SessionId":"3a4f28da-2b63-40de-8a14-3f27e8fc2333","StatusId":false,"TimeStartEnd":null,"ErrorList":["ICRE001:E084|Código NETZEN  032, tiene estado Baja"]}
2021-07-19 T 10:43:54 || CONTROLADOR: Request Recibido: {"DataAreaId":"000001","Enviroment":"TEST","SessionId":null,"APIndependetEntrep":[{"APCodeIndependentVend":"032","APCodeIndependent":null,"DateStartRelation":"0001-01-01T00:00:00","DateEndRelation":"0001-01-01T00:00:00","APRelationStatus":0,"AccountNum":"00128","VATNum":"0906300074","DateEntryReq":"0001-01-01T00:00:00","RecId":0},{"APCodeIndependentVend":"032","APCodeIndependent":null,"DateStartRelation":"0001-01-01T00:00:00","DateEndRelation":"0001-01-01T00:00:00","APRelationStatus":0,"AccountNum":"0128","VATNum":"0906300074","DateEntryReq":"0001-01-01T00:00:00","RecId":0}]}
2021-07-19 T 10:43:55 || SERVICIO RESPONSE HOMOLOGACION : Número de  intentos realizados : 0, Tiempo Transcurrido : 964 ms.
2021-07-19 T 10:44:07 || CONTROLADOR: Request Enviado a Dynamics: {"DataAreaId":"0001","Enviroment":"TEST","SessionId":"ce4a22e9-0952-4d4f-807e-c965d3f6d041","APIndependetEntrep":[{"APCodeIndependentVend":"032","APCodeIndependent":null,"DateStartRelation":"0001-01-01T00:00:00","DateEndRelation":"0001-01-01T00:00:00","APRelationStatus":0,"AccountNum":"C000000128","VATNum":"0906300074","DateEntryReq":"0001-01-01T00:00:00","RecId":0},{"APCodeIndependentVend":"032","APCodeIndependent":null,"DateStartRelation":"0001-01-01T00:00:00","DateEndRelation":"0001-01-01T00:00:00","APRelationStatus":0,"AccountNum":"C000000128","VATNum":"0906300074","DateEntryReq":"0001-01-01T00:00:00","RecId":0}]}
2021-07-19 T 10:44:12 || SERVICIO RESPONSE : Número de  intentos realizados : 0, Tiempo Transcurrido : 399 ms.
2021-07-19 T 10:44:12 || CONTROLADOR: Response desde Dynamics: {"SessionId":"ce4a22e9-0952-4d4f-807e-c965d3f6d041","StatusId":false,"TimeStartEnd":null,"ErrorList":["ICRE001:E084|Código NETZEN  032, tiene estado Baja"]}
2021-07-19 T 10:45:03 || CONTROLADOR: Request Recibido: {"DataAreaId":"000001","Enviroment":"TEST","SessionId":null,"APIndependetEntrep":[]}
2021-07-19 T 10:45:03 || SERVICIO RESPONSE HOMOLOGACION : Número de  intentos realizados : 0, Tiempo Transcurrido : 33 ms.
2021-07-19 T 10:45:06 || CONTROLADOR: Request Enviado a Dynamics: {"DataAreaId":"0001","Enviroment":"TEST","SessionId":"c159625d-5bac-42c8-82c4-c7f03b94c709","APIndependetEntrep":[]}
2021-07-19 T 10:45:09 || SERVICIO RESPONSE : Número de  intentos realizados : 0, Tiempo Transcurrido : 218 ms.
2021-07-19 T 10:45:09 || CONTROLADOR: Response desde Dynamics: {"SessionId":"c159625d-5bac-42c8-82c4-c7f03b94c709","StatusId":false,"TimeStartEnd":null,"ErrorList":[]}
2021-07-19 T 10:45:17 || CONTROLADOR: Request Recibido: {"DataAreaId":"000001","Enviroment":"TEST","SessionId":null,"APIndependetEntrep":[{"APCodeIndependentVend":"032","APCodeIndependent":null,"DateStartRelation":"0001-01-01T00:00:00","DateEndRelation":"0001-01-01T00:00:00","APRelationStatus":0,"AccountNum":"C000000128","VATNum":"0906300074","DateEntryReq":"0001-01-01T00:00:00","RecId":0},{"APCodeIndependentVend":"032","APCodeIndependent":null,"DateStartRelation":"0001-01-01T00:00:00","DateEndRelation":"0001-01-01T00:00:00","APRelationStatus":0,"AccountNum":"C000000128","VATNum":"0906300074","DateEntryReq":"0001-01-01T00:00:00","RecId":0}]}
2021-07-19 T 10:45:17 || SERVICIO RESPONSE HOMOLOGACION : Número de  intentos realizados : 0, Tiempo Transcurrido : 40 ms.
2021-07-19 T 10:45:39 || CONTROLADOR: Request Enviado a Dynamics: {"DataAreaId":"0001","Enviroment":"TEST","SessionId":"e4c2142d-370f-409f-b49d-7816dd703aed","APIndependetEntrep":[{"APCodeIndependentVend":"032","APCodeIndependent":null,"DateStartRelation":"0001-01-01T00:00:00","DateEndRelation":"0001-01-01T00:00:00","APRelationStatus":0,"AccountNum":"C000000128","VATNum":"0906300074","DateEntryReq":"0001-01-01T00:00:00","RecId":0},{"APCodeIndependentVend":"032","APCodeIndependent":null,"DateStartRelation":"0001-01-01T00:00:00","DateEndRelation":"0001-01-01T00:00:00","APRelationStatus":0,"AccountNum":"C000000128","VATNum":"0906300074","DateEntryReq":"0001-01-01T00:00:00","RecId":0}]}
2021-07-19 T 10:45:42 || SERVICIO RESPONSE : Número de  intentos realizados : 0, Tiempo Transcurrido : 224 ms.
2021-07-19 T 10:45:42 || CONTROLADOR: Response desde Dynamics: {"SessionId":"e4c2142d-370f-409f-b49d-7816dd703aed","StatusId":false,"TimeStartEnd":null,"ErrorList":["ICRE001:E084|Código NETZEN  032, tiene estado Baja"]}
