2021-09-21 T 12:19:51 || CONTROLADOR: Request Recibido: {"DataAreaId":"0001","Enviroment":"SIT","SessionId":null,"FromDate":"2021-08-30T00:00:00Z","ToDate":"2021-08-30T00:00:00Z","VoucherList":[],"DocumentNumList":[],"StoreList":[],"CashList":["CAJA1"]}
2021-09-21 T 12:20:02 || WS HOMOLOGACION : Número de  intentos realizados : 10, Tiempo Transcurrido : 10801 ms.
2021-09-21 T 12:20:02 || CONTROLADOR WS HOMOLOGACION: No se retorno resultado de Homologación
2021-09-21 T 12:20:50 || CONTROLADOR: Request Recibido: {"DataAreaId":"0001","Enviroment":"SIT","SessionId":null,"FromDate":"2021-08-30T00:00:00Z","ToDate":"2021-08-30T00:00:00Z","VoucherList":[],"DocumentNumList":[],"StoreList":[],"CashList":["CAJA1"]}
2021-09-21 T 12:20:50 || WS HOMOLOGACION : Número de  intentos realizados : 0, Tiempo Transcurrido : 215 ms.
2021-09-21 T 12:20:50 || CONTROLADOR: Request Enviado a Dynamics: {"DataAreaId":"000001","Enviroment":"SIT","SessionId":"f9a1e048-5e7a-4196-b4fa-6c9990bca7f7","FromDate":"2021-08-30T00:00:00Z","ToDate":"2021-08-30T00:00:00Z","VoucherList":[],"DocumentNumList":[],"StoreList":[],"CashList":["CAJA1"]}
2021-09-21 T 12:21:09 || SERVICIO RESPONSE : Número de  intentos realizados : 0, Tiempo Transcurrido : 395 ms.
2021-09-21 T 12:21:09 || CONTROLADOR: Response desde Dynamics: {"SessionId":"f9a1e048-5e7a-4196-b4fa-6c9990bca7f7","StatusId":false,"ErrorList":["Internal Server Error-{\r\n  \"Message\": \"An exception occured when invoking the operation - Seguimiento de pila: La empresa 0000 no existe.\",\r\n  \"ExceptionType\": \"ErrorException\",\r\n  \"ActivityId\": \"2030e140-af14-0001-5cf3-382014afd701\"\r\n}"],"TypeTransactionList":null}
2021-09-21 T 12:21:36 || CONTROLADOR: Request Recibido: {"DataAreaId":"000001","Enviroment":"SIT","SessionId":null,"FromDate":"2021-08-30T00:00:00Z","ToDate":"2021-08-30T00:00:00Z","VoucherList":[],"DocumentNumList":[],"StoreList":[],"CashList":["CAJA1"]}
2021-09-21 T 12:21:58 || WS HOMOLOGACION : Número de  intentos realizados : 1, Tiempo Transcurrido : 22318 ms.
2021-09-21 T 12:21:58 || CONTROLADOR: Request Enviado a Dynamics: {"DataAreaId":"0001","Enviroment":"SIT","SessionId":"338afa19-cb74-46fd-b3b0-9746b39120e0","FromDate":"2021-08-30T00:00:00Z","ToDate":"2021-08-30T00:00:00Z","VoucherList":[],"DocumentNumList":[],"StoreList":[],"CashList":["CAJA1"]}
2021-09-21 T 12:22:27 || CONTROLADOR: ERROR: Azure.Messaging.ServiceBus.ServiceBusException: No se puede establecer una conexión ya que el equipo de destino denegó expresamente dicha conexión. ErrorCode: ConnectionRefused (ServiceCommunicationProblem)
 ---> System.Net.Sockets.SocketException (10061): No se puede establecer una conexión ya que el equipo de destino denegó expresamente dicha conexión.
   at Microsoft.Azure.Amqp.ExceptionDispatcher.Throw(Exception exception)
   at Microsoft.Azure.Amqp.AsyncResult.End[TAsyncResult](IAsyncResult result)
   at Microsoft.Azure.Amqp.Transport.AmqpTransportInitiator.ConnectAsyncResult.End(IAsyncResult result)
   at Microsoft.Azure.Amqp.Transport.AmqpTransportInitiator.<>c.<ConnectAsync>b__17_1(IAsyncResult r)
   at System.Threading.Tasks.TaskFactory`1.FromAsyncCoreLogic(IAsyncResult iar, Func`2 endFunction, Action`1 endAction, Task`1 promise, Boolean requiresSynchronization)
--- End of stack trace from previous location where exception was thrown ---
   at Azure.Messaging.ServiceBus.Amqp.AmqpConnectionScope.CreateAndOpenConnectionAsync(Version amqpVersion, Uri serviceEndpoint, ServiceBusTransportType transportType, IWebProxy proxy, String scopeIdentifier, TimeSpan timeout)
   at Microsoft.Azure.Amqp.FaultTolerantAmqpObject`1.OnCreateAsync(TimeSpan timeout)
   at Microsoft.Azure.Amqp.Singleton`1.GetOrCreateAsync(TimeSpan timeout)
   at Microsoft.Azure.Amqp.Singleton`1.GetOrCreateAsync(TimeSpan timeout)
   at Azure.Messaging.ServiceBus.Amqp.AmqpConnectionScope.OpenSenderLinkAsync(String entityPath, String identifier, TimeSpan timeout, CancellationToken cancellationToken)
   at Azure.Messaging.ServiceBus.Amqp.AmqpSender.CreateLinkAndEnsureSenderStateAsync(TimeSpan timeout, CancellationToken cancellationToken)
   at Microsoft.Azure.Amqp.FaultTolerantAmqpObject`1.OnCreateAsync(TimeSpan timeout)
   at Microsoft.Azure.Amqp.Singleton`1.GetOrCreateAsync(TimeSpan timeout)
   at Microsoft.Azure.Amqp.Singleton`1.GetOrCreateAsync(TimeSpan timeout)
   at Azure.Messaging.ServiceBus.Amqp.AmqpSender.SendBatchInternalAsync(IEnumerable`1 messages, TimeSpan timeout, CancellationToken cancellationToken)
   --- End of inner exception stack trace ---
   at Azure.Messaging.ServiceBus.Amqp.AmqpSender.SendBatchInternalAsync(IEnumerable`1 messages, TimeSpan timeout, CancellationToken cancellationToken)
   at Azure.Messaging.ServiceBus.Amqp.AmqpSender.<>c.<<SendAsync>b__20_0>d.MoveNext()
--- End of stack trace from previous location where exception was thrown ---
   at Azure.Messaging.ServiceBus.ServiceBusRetryPolicy.<>c__20`1.<<RunOperation>b__20_0>d.MoveNext()
--- End of stack trace from previous location where exception was thrown ---
   at Azure.Messaging.ServiceBus.ServiceBusRetryPolicy.RunOperation[T1,TResult](Func`4 operation, T1 t1, TransportConnectionScope scope, CancellationToken cancellationToken)
   at Azure.Messaging.ServiceBus.ServiceBusRetryPolicy.RunOperation[T1,TResult](Func`4 operation, T1 t1, TransportConnectionScope scope, CancellationToken cancellationToken)
   at Azure.Messaging.ServiceBus.ServiceBusRetryPolicy.RunOperation[T1](Func`4 operation, T1 t1, TransportConnectionScope scope, CancellationToken cancellationToken)
   at Azure.Messaging.ServiceBus.Amqp.AmqpSender.SendAsync(IReadOnlyList`1 messages, CancellationToken cancellationToken)
   at Azure.Messaging.ServiceBus.ServiceBusSender.SendMessagesAsync(IEnumerable`1 messages, CancellationToken cancellationToken)
   at Azure.Messaging.ServiceBus.ServiceBusSender.SendMessageAsync(ServiceBusMessage message, CancellationToken cancellationToken)
   at ICAJ018.api.Infraestructure.Services.ManejadorRequest`1.EnviarMensajeAsync(String sesionId, String cadenaConexion, String nombreQueueRequest, T body) in C:\Users\henry\Desktop\INFORMACION_PWC\CODIGO\INTERFACES\COMPLETAS LOG\ICAJ018.api\ICAJ018.api\Infraestructure\Services\ManejadorRequest.cs:line 31
   at ICAJ018.api.Infraestructure.Services.ManejadorRequest`1.EnviarMensajeAsync(String sesionId, String cadenaConexion, String nombreQueueRequest, T body) in C:\Users\henry\Desktop\INFORMACION_PWC\CODIGO\INTERFACES\COMPLETAS LOG\ICAJ018.api\ICAJ018.api\Infraestructure\Services\ManejadorRequest.cs:line 35
   at ICAJ018.api.Controllers.ICAJ018001Controller.APICAJ018001(APICAJ018001MessageRequest parametrorequest) in C:\Users\henry\Desktop\INFORMACION_PWC\CODIGO\INTERFACES\COMPLETAS LOG\ICAJ018.api\ICAJ018.api\Controllers\ICAJ018001Controller.cs:line 100
2021-09-21 T 12:22:54 || CONTROLADOR: Request Recibido: {"DataAreaId":"000001","Enviroment":"SIT","SessionId":null,"FromDate":"2021-08-30T00:00:00Z","ToDate":"2021-08-30T00:00:00Z","VoucherList":[],"DocumentNumList":[],"StoreList":[],"CashList":["CAJA1"]}
2021-09-21 T 12:22:54 || WS HOMOLOGACION : Número de  intentos realizados : 0, Tiempo Transcurrido : 31 ms.
2021-09-21 T 12:22:54 || CONTROLADOR: Request Enviado a Dynamics: {"DataAreaId":"0001","Enviroment":"SIT","SessionId":"8f90f8db-555c-425b-950d-54c8bb94d34c","FromDate":"2021-08-30T00:00:00Z","ToDate":"2021-08-30T00:00:00Z","VoucherList":[],"DocumentNumList":[],"StoreList":[],"CashList":["CAJA1"]}
2021-09-21 T 12:23:03 || SERVICIO RESPONSE : Número de  intentos realizados : 0, Tiempo Transcurrido : 256 ms.
2021-09-21 T 12:23:03 || CONTROLADOR: Response desde Dynamics: {"SessionId":"8f90f8db-555c-425b-950d-54c8bb94d34c","StatusId":false,"ErrorList":["No se encontraron registros para el proceso Preparación depósito con el diario D_DEPVALO","No se encontraron registros para el proceso Depósito confirmado con el diario ","No se encontraron registros para el proceso Reverso depósito con el diario D_AFCOMPRA","No se encontraron registros para el proceso Reverso depósito con el diario D_AMORT","No se encontraron registros para el proceso Reverso depósito con el diario D_ANTCHPOS","No se encontraron registros para el proceso Reverso depósito con el diario D. CARGOS","No se encontraron registros para el proceso Reverso depósito con el diario D.CHECANJE","No se encontraron registros para el proceso Reverso depósito con el diario D_AFDEPRE","No se encontraron registros para el proceso Reverso depósito con el diario D. CARGOS","No se encontraron registros para el proceso Reverso depósito con el diario D_AFDEPRE","No se encontraron registros para el proceso Reverso depósito con el diario D_AFDEPRE","No se encontraron registros para el proceso Reverso depósito con el diario D_AMORT","No se encontraron registros para el proceso Reverso depósito con el diario D_AFDEPRE","No se encontraron registros para el proceso Reverso depósito con el diario D_AMORT","No se encontraron registros con los parámetros enviados"],"TypeTransactionList":null}
2021-09-21 T 12:24:14 || CONTROLADOR: Request Recibido: {"DataAreaId":"000001","Enviroment":"SIT","SessionId":null,"FromDate":"2021-08-30T00:00:00Z","ToDate":"2021-08-30T00:00:00Z","VoucherList":[],"DocumentNumList":[],"StoreList":[],"CashList":["DIEGO"]}
2021-09-21 T 12:24:37 || WS HOMOLOGACION : Número de  intentos realizados : 1, Tiempo Transcurrido : 22487 ms.
2021-09-21 T 12:24:37 || CONTROLADOR: Request Enviado a Dynamics: {"DataAreaId":"0001","Enviroment":"SIT","SessionId":"2ee990bc-2ce3-4ccf-a497-d42878e6bb14","FromDate":"2021-08-30T00:00:00Z","ToDate":"2021-08-30T00:00:00Z","VoucherList":[],"DocumentNumList":[],"StoreList":[],"CashList":["DIEGO"]}
2021-09-21 T 12:24:51 || SERVICIO RESPONSE : Número de  intentos realizados : 0, Tiempo Transcurrido : 420 ms.
2021-09-21 T 12:24:52 || CONTROLADOR: Response desde Dynamics: {"SessionId":"2ee990bc-2ce3-4ccf-a497-d42878e6bb14","StatusId":false,"ErrorList":["El tipo esperado era str pero el tipo que se encontró fue class."],"TypeTransactionList":null}
