2021-09-28 T 12:15:30 || CONTROLADOR: Request Recibido: {"DataAreaId":"0001","Enviroment":"SIT","SessionId":null,"APPaymModeGeneral":"","CustAccountList":["1168551"],"DateEnd":"2021-09-24T16:02:38.253Z","DateStart":"2021-09-24T16:02:38.253Z","DocumentStatusList":[0],"PaymentRequest":true,"PurchOrderFormNumList":["OC-00752"],"SalesIdList":["V000000449"],"SalesResponsiblePersonnalNumberList":[],"SalesStatusList":[1]}
2021-09-28 T 12:15:30 || WS HOMOLOGACION : Número de  intentos realizados : 0, Tiempo Transcurrido : 490 ms.
2021-09-28 T 12:15:31 || Convierte Código CrecosAdynamics: Código a Crecos C001168551
2021-09-28 T 12:15:31 || CONTROLADOR: Request Enviado a Dynamics: {"DataAreaId":"000001","Enviroment":"SIT","SessionId":"3563b914-caaa-4672-b11a-90c908f01b98","APPaymModeGeneral":"","CustAccountList":["C001168551"],"DateEnd":"2021-09-24T16:02:38.253Z","DateStart":"2021-09-24T16:02:38.253Z","DocumentStatusList":[0],"PaymentRequest":true,"PurchOrderFormNumList":["OC-00752"],"SalesIdList":["V000000449"],"SalesResponsiblePersonnalNumberList":[],"SalesStatusList":[1]}
2021-09-28 T 12:15:41 || SERVICIO RESPONSE : Número de  intentos realizados : 0, Tiempo Transcurrido : 381 ms.
2021-09-28 T 12:16:05 || CONTROLADOR: Response desde Dynamics: {"SessionId":"3563b914-caaa-4672-b11a-90c908f01b98","APSalesOrderList":null,"StatusId":false,"ErrorList":["Internal Server Error-{\r\n  \"Message\": \"An exception occured when invoking the operation - Seguimiento de pila: La empresa 000001 no existe.\",\r\n  \"ExceptionType\": \"ErrorException\",\r\n  \"ActivityId\": \"e3b237c0-b475-0006-c9e0-bde375b4d701\"\r\n}"]}
2021-09-28 T 12:16:20 || CONTROLADOR: Request Recibido: {"DataAreaId":"000001","Enviroment":"SIT","SessionId":null,"APPaymModeGeneral":"","CustAccountList":["1168551"],"DateEnd":"2021-09-24T16:02:38.253Z","DateStart":"2021-09-24T16:02:38.253Z","DocumentStatusList":[0],"PaymentRequest":true,"PurchOrderFormNumList":["OC-00752"],"SalesIdList":["V000000449"],"SalesResponsiblePersonnalNumberList":[],"SalesStatusList":[1]}
2021-09-28 T 12:16:42 || WS HOMOLOGACION : Número de  intentos realizados : 1, Tiempo Transcurrido : 22130 ms.
2021-09-28 T 12:16:42 || Convierte Código CrecosAdynamics: Código a Crecos C001168551
2021-09-28 T 12:16:42 || CONTROLADOR: Request Enviado a Dynamics: {"DataAreaId":"0001","Enviroment":"SIT","SessionId":"22634eec-5086-4f93-be49-e7f9dcc33380","APPaymModeGeneral":"","CustAccountList":["C001168551"],"DateEnd":"2021-09-24T16:02:38.253Z","DateStart":"2021-09-24T16:02:38.253Z","DocumentStatusList":[0],"PaymentRequest":true,"PurchOrderFormNumList":["OC-00752"],"SalesIdList":["V000000449"],"SalesResponsiblePersonnalNumberList":[],"SalesStatusList":[1]}
2021-09-28 T 12:16:52 || SERVICIO RESPONSE : Número de  intentos realizados : 0, Tiempo Transcurrido : 392 ms.
2021-09-28 T 12:17:08 || CONTROLADOR: Response desde Dynamics: {"SessionId":"22634eec-5086-4f93-be49-e7f9dcc33380","APSalesOrderList":[],"StatusId":true,"ErrorList":[]}
2021-09-28 T 12:19:01 || CONTROLADOR: Request Recibido: {"DataAreaId":"000001","Enviroment":"SIT","SessionId":null,"APPaymModeGeneral":"","CustAccountList":["1168551"],"DateEnd":"2021-09-28T16:02:38.253Z","DateStart":"2021-09-28T16:02:38.253Z","DocumentStatusList":[0],"PaymentRequest":true,"PurchOrderFormNumList":[],"SalesIdList":[],"SalesResponsiblePersonnalNumberList":[],"SalesStatusList":[1]}
2021-09-28 T 12:19:23 || WS HOMOLOGACION : Número de  intentos realizados : 1, Tiempo Transcurrido : 22188 ms.
2021-09-28 T 12:19:23 || Convierte Código CrecosAdynamics: Código a Crecos C001168551
2021-09-28 T 12:19:23 || CONTROLADOR: Request Enviado a Dynamics: {"DataAreaId":"0001","Enviroment":"SIT","SessionId":"d968c887-d611-403b-ba3b-a02e9bedee39","APPaymModeGeneral":"","CustAccountList":["C001168551"],"DateEnd":"2021-09-28T16:02:38.253Z","DateStart":"2021-09-28T16:02:38.253Z","DocumentStatusList":[0],"PaymentRequest":true,"PurchOrderFormNumList":[],"SalesIdList":[],"SalesResponsiblePersonnalNumberList":[],"SalesStatusList":[1]}
2021-09-28 T 12:19:38 || SERVICIO RESPONSE : Número de  intentos realizados : 0, Tiempo Transcurrido : 242 ms.
2021-09-28 T 12:19:54 || CONTROLADOR: Response desde Dynamics: {"SessionId":"d968c887-d611-403b-ba3b-a02e9bedee39","APSalesOrderList":[],"StatusId":true,"ErrorList":[]}
2021-09-28 T 12:20:15 || CONTROLADOR: Request Recibido: {"DataAreaId":"000001","Enviroment":"SIT","SessionId":null,"APPaymModeGeneral":"","CustAccountList":[],"DateEnd":"2021-09-28T16:02:38.253Z","DateStart":"2021-09-28T16:02:38.253Z","DocumentStatusList":[0],"PaymentRequest":true,"PurchOrderFormNumList":[],"SalesIdList":[],"SalesResponsiblePersonnalNumberList":[],"SalesStatusList":[1]}
2021-09-28 T 12:20:15 || WS HOMOLOGACION : Número de  intentos realizados : 0, Tiempo Transcurrido : 60 ms.
2021-09-28 T 12:20:15 || CONTROLADOR: Request Enviado a Dynamics: {"DataAreaId":"0001","Enviroment":"SIT","SessionId":"4e8b70e3-f83a-4de2-8b12-32c6ff535913","APPaymModeGeneral":"","CustAccountList":[],"DateEnd":"2021-09-28T16:02:38.253Z","DateStart":"2021-09-28T16:02:38.253Z","DocumentStatusList":[0],"PaymentRequest":true,"PurchOrderFormNumList":[],"SalesIdList":[],"SalesResponsiblePersonnalNumberList":[],"SalesStatusList":[1]}
2021-09-28 T 12:20:45 || SERVICIO RESPONSE : Número de  intentos realizados : 0, Tiempo Transcurrido : 3989 ms.
2021-09-28 T 12:21:11 || Convierte Código DynamicAcrecos: Codigo a Crecos 000000188
2021-09-28 T 12:22:07 || WS HOMOLOGACION : Número de  intentos realizados : 0, Tiempo Transcurrido : 85 ms.
2021-09-28 T 12:22:33 || CONTROLADOR: Response desde Dynamics: {"SessionId":"4e8b70e3-f83a-4de2-8b12-32c6ff535913","APSalesOrderList":[{"APSalesOrderHeader":{"APPaymModeCF":0.0,"APPaymModeCash":0.0,"APPaymModeGeneral":"","APPaymModeME":0.0,"APProductFinancialCFCode":"","APProductFinancialTCCode1":"","APProductFinancialTCCode2":"","APPromotionalCode":"","APSalesLineList":[{"APComboPromotionEndDate":"1900-01-01T12:00:00","APComboPromotionId":"","APComboPromotionQtyLimit":0.0,"APComboPromotionStartDate":"1900-01-01T12:00:00","APContributionValue":0.0,"APHomeDelivery":false,"APInstallationDate":"1900-01-01T12:00:00","APItemPrimarySecondary":"Primario","APMarginAmount":0.0,"APMarginType":"","APPromotionPO":0.0,"APSalesNumberAF":"","APSalesPriceOfert":0.0,"APUserCreateCombo":"","ConfigId":"","DataAreaIdStockOwn":"","InventLocationDescription":"","InventLocationDescriptionStock":"","InventLocationIdStock":"","InventSerialId":"","InventStatusID":"CRE/B","ItemId":"003500","ItemIdAF":"","LineDisc":0.0,"Qty":0.0,"ReceiptDateRequested":"2021-09-28T12:00:00","SalesPrice":1000.0,"TAMFundID":"","WMSLocationDescription":"","WMSLocationDescriptionStock":"","WmsLocationIdStock":""}],"APStoreId":"","Amount":0.0,"ConfirmDate":"1900-01-01T12:00:00","CustAccount":"000000188","CustName":"LUCIANO ORRALA GONZABAY","DataAreaId":"000001","DeliveryPostalAddressRecId":5637144577,"DocumentStatus":0,"IndependentEntrepreneurId":"","PostingProfile":"CXC","PurchOrderFormNum":"","SalesId":"V000000541","SalesOriginId":"","SalesPoolId":"","SalesResponsibleName":"","SalesResponsiblePersonalNumber":"","SalesStatus":1},"APDiaryJournalList":[],"APBilBuyerList":[]}],"StatusId":true,"ErrorList":[]}
